Mon Jul 19 10:59:20 +0430 2021
Mon Jul 19 11:00:21 +0430 2021
Mon Jul 19 11:01:21 +0430 2021
Mon Jul 19 11:02:21 +0430 2021
Mon Jul 19 11:03:21 +0430 2021
Mon Jul 19 11:04:21 +0430 2021
Mon Jul 19 11:05:21 +0430 2021
Mon Jul 19 11:06:21 +0430 2021
Mon Jul 19 11:07:22 +0430 2021
Mon Jul 19 11:08:22 +0430 2021
Mon Jul 19 11:09:22 +0430 2021
Mon Jul 19 11:10:22 +0430 2021
Mon Jul 19 11:11:23 +0430 2021
Mon Jul 19 11:12:35 +0430 2021
Mon Jul 19 11:13:36 +0430 2021
Mon Jul 19 11:14:38 +0430 2021
Mon Jul 19 11:15:38 +0430 2021
Mon Jul 19 11:16:39 +0430 2021
Mon Jul 19 11:17:40 +0430 2021
Mon Jul 19 11:18:40 +0430 2021
Mon Jul 19 11:19:41 +0430 2021
Mon Jul 19 11:20:41 +0430 2021
Mon Jul 19 11:21:41 +0430 2021
Mon Jul 19 11:22:41 +0430 2021
Mon Jul 19 11:23:41 +0430 2021
Mon Jul 19 11:24:41 +0430 2021
Mon Jul 19 11:25:41 +0430 2021
Mon Jul 19 11:26:41 +0430 2021
Mon Jul 19 11:27:41 +0430 2021
Mon Jul 19 11:28:41 +0430 2021
Mon Jul 19 11:29:41 +0430 2021
Mon Jul 19 11:30:41 +0430 2021
Mon Jul 19 11:31:41 +0430 2021
Mon Jul 19 11:32:42 +0430 2021
Mon Jul 19 11:33:42 +0430 2021
Mon Jul 19 11:34:42 +0430 2021
Mon Jul 19 11:35:43 +0430 2021
Mon Jul 19 11:36:43 +0430 2021
Mon Jul 19 11:37:43 +0430 2021
Mon Jul 19 11:38:43 +0430 2021
Mon Jul 19 11:39:43 +0430 2021
Mon Jul 19 11:40:43 +0430 2021
Mon Jul 19 11:41:43 +0430 2021
Mon Jul 19 11:42:43 +0430 2021
Mon Jul 19 11:43:44 +0430 2021
Mon Jul 19 11:44:44 +0430 2021
Mon Jul 19 11:45:44 +0430 2021
Mon Jul 19 11:46:44 +0430 2021
Mon Jul 19 11:47:44 +0430 2021
Mon Jul 19 11:48:44 +0430 2021
Mon Jul 19 11:49:44 +0430 2021
Mon Jul 19 11:50:44 +0430 2021
Mon Jul 19 11:51:44 +0430 2021
Mon Jul 19 11:52:44 +0430 2021
Mon Jul 19 11:53:44 +0430 2021
Mon Jul 19 11:54:44 +0430 2021
Mon Jul 19 11:55:45 +0430 2021
Mon Jul 19 11:56:45 +0430 2021
Mon Jul 19 11:57:45 +0430 2021
Mon Jul 19 11:58:45 +0430 2021
Mon Jul 19 11:59:45 +0430 2021
Mon Jul 19 12:00:45 +0430 2021
Mon Jul 19 12:01:46 +0430 2021
Mon Jul 19 12:02:46 +0430 2021
Mon Jul 19 12:03:46 +0430 2021
Mon Jul 19 12:04:46 +0430 2021
Mon Jul 19 12:05:46 +0430 2021
Mon Jul 19 12:06:46 +0430 2021
Mon Jul 19 12:07:46 +0430 2021
Mon Jul 19 12:08:46 +0430 2021
Mon Jul 19 12:09:46 +0430 2021
Mon Jul 19 12:10:46 +0430 2021
Mon Jul 19 12:11:46 +0430 2021
Mon Jul 19 12:12:46 +0430 2021
Mon Jul 19 12:13:46 +0430 2021
Mon Jul 19 12:14:47 +0430 2021
Mon Jul 19 12:15:47 +0430 2021
Mon Jul 19 12:16:47 +0430 2021
Mon Jul 19 12:17:47 +0430 2021
Mon Jul 19 12:18:47 +0430 2021
Mon Jul 19 12:19:47 +0430 2021
Mon Jul 19 12:20:47 +0430 2021
Mon Jul 19 12:21:47 +0430 2021
Mon Jul 19 12:22:47 +0430 2021
Mon Jul 19 12:23:47 +0430 2021
Mon Jul 19 12:24:48 +0430 2021
Mon Jul 19 14:25:33 +0430 2021
Mon Jul 19 16:08:50 +0430 2021
Mon Jul 19 16:13:49 +0430 2021
Mon Jul 19 16:28:44 +0430 2021
Mon Jul 19 16:29:45 +0430 2021
Mon Jul 19 16:30:45 +0430 2021
Mon Jul 19 16:31:45 +0430 2021
Mon Jul 19 16:32:45 +0430 2021
Mon Jul 19 16:33:45 +0430 2021
Mon Jul 19 16:34:45 +0430 2021
Mon Jul 19 16:35:45 +0430 2021
Mon Jul 19 16:36:46 +0430 2021
Mon Jul 19 16:37:46 +0430 2021
Mon Jul 19 16:38:46 +0430 2021
Mon Jul 19 16:39:46 +0430 2021
Mon Jul 19 16:40:46 +0430 2021
Mon Jul 19 16:41:46 +0430 2021
Mon Jul 19 16:42:46 +0430 2021
Mon Jul 19 16:43:46 +0430 2021
Mon Jul 19 16:44:46 +0430 2021
Mon Jul 19 16:45:46 +0430 2021
Mon Jul 19 16:46:46 +0430 2021
Mon Jul 19 16:47:46 +0430 2021
Mon Jul 19 16:48:46 +0430 2021
Mon Jul 19 16:49:46 +0430 2021
Mon Jul 19 16:50:46 +0430 2021
Mon Jul 19 16:51:46 +0430 2021
Mon Jul 19 16:52:46 +0430 2021
Mon Jul 19 16:53:46 +0430 2021
Mon Jul 19 16:54:46 +0430 2021
Mon Jul 19 16:55:46 +0430 2021
Mon Jul 19 16:56:46 +0430 2021
Mon Jul 19 16:57:46 +0430 2021
Mon Jul 19 16:58:47 +0430 2021
Mon Jul 19 16:59:47 +0430 2021
Mon Jul 19 17:00:47 +0430 2021
Mon Jul 19 17:01:47 +0430 2021
Mon Jul 19 17:02:47 +0430 2021
Mon Jul 19 17:03:47 +0430 2021
Mon Jul 19 17:04:47 +0430 2021
Mon Jul 19 17:05:47 +0430 2021
Mon Jul 19 17:06:47 +0430 2021
Mon Jul 19 17:07:47 +0430 2021
Mon Jul 19 17:08:47 +0430 2021
Mon Jul 19 17:09:47 +0430 2021
Mon Jul 19 17:10:47 +0430 2021
Mon Jul 19 17:11:47 +0430 2021
Mon Jul 19 17:12:47 +0430 2021
Mon Jul 19 17:13:47 +0430 2021
Mon Jul 19 17:14:47 +0430 2021
Mon Jul 19 17:15:47 +0430 2021
Mon Jul 19 17:16:47 +0430 2021
Mon Jul 19 17:17:47 +0430 2021
Mon Jul 19 17:18:47 +0430 2021
Mon Jul 19 17:19:47 +0430 2021
Mon Jul 19 17:20:47 +0430 2021
Mon Jul 19 17:21:47 +0430 2021
Mon Jul 19 17:22:47 +0430 2021
Mon Jul 19 17:23:47 +0430 2021
Mon Jul 19 17:24:47 +0430 2021
Mon Jul 19 17:25:47 +0430 2021
Mon Jul 19 17:26:47 +0430 2021
Mon Jul 19 17:27:48 +0430 2021
Mon Jul 19 17:28:48 +0430 2021
Mon Jul 19 17:29:48 +0430 2021
Mon Jul 19 17:30:48 +0430 2021
Mon Jul 19 17:31:48 +0430 2021
Mon Jul 19 17:32:48 +0430 2021
Mon Jul 19 17:33:48 +0430 2021
Mon Jul 19 17:34:48 +0430 2021
Mon Jul 19 17:35:48 +0430 2021
Mon Jul 19 17:36:48 +0430 2021
Mon Jul 19 17:37:48 +0430 2021
Mon Jul 19 17:38:48 +0430 2021
Mon Jul 19 17:39:48 +0430 2021
Mon Jul 19 17:40:48 +0430 2021
Mon Jul 19 17:41:48 +0430 2021
Mon Jul 19 17:42:48 +0430 2021
Mon Jul 19 17:43:48 +0430 2021
Mon Jul 19 17:44:48 +0430 2021
Mon Jul 19 17:45:48 +0430 2021
Mon Jul 19 17:46:48 +0430 2021
Mon Jul 19 17:47:48 +0430 2021
Mon Jul 19 17:48:48 +0430 2021
Mon Jul 19 17:49:48 +0430 2021
Mon Jul 19 17:50:48 +0430 2021
Mon Jul 19 17:51:48 +0430 2021
Mon Jul 19 17:52:48 +0430 2021
Mon Jul 19 17:53:48 +0430 2021
Mon Jul 19 17:54:48 +0430 2021
Mon Jul 19 17:55:48 +0430 2021
Mon Jul 19 17:56:48 +0430 2021
Mon Jul 19 17:57:48 +0430 2021
Mon Jul 19 17:58:48 +0430 2021
Mon Jul 19 17:59:48 +0430 2021
Mon Jul 19 18:00:48 +0430 2021
Mon Jul 19 18:01:48 +0430 2021
Mon Jul 19 18:02:48 +0430 2021
Mon Jul 19 18:03:48 +0430 2021
Mon Jul 19 18:04:48 +0430 2021
Mon Jul 19 18:05:48 +0430 2021
Mon Jul 19 18:06:48 +0430 2021
Mon Jul 19 18:07:48 +0430 2021
Mon Jul 19 18:08:48 +0430 2021
Mon Jul 19 18:09:48 +0430 2021
Mon Jul 19 18:10:48 +0430 2021
Mon Jul 19 18:11:48 +0430 2021
Mon Jul 19 18:12:48 +0430 2021
Mon Jul 19 18:13:48 +0430 2021
Mon Jul 19 18:14:48 +0430 2021
Mon Jul 19 18:15:48 +0430 2021
Mon Jul 19 18:16:48 +0430 2021
Mon Jul 19 18:17:48 +0430 2021
Mon Jul 19 18:18:48 +0430 2021
Mon Jul 19 18:19:48 +0430 2021
Mon Jul 19 18:20:48 +0430 2021
Mon Jul 19 18:21:48 +0430 2021
Mon Jul 19 18:22:48 +0430 2021
Mon Jul 19 18:23:48 +0430 2021
Mon Jul 19 18:24:48 +0430 2021
Mon Jul 19 18:25:48 +0430 2021
Mon Jul 19 18:26:48 +0430 2021
Mon Jul 19 18:27:48 +0430 2021
Mon Jul 19 18:28:48 +0430 2021
Mon Jul 19 18:29:48 +0430 2021
Mon Jul 19 18:30:48 +0430 2021
Mon Jul 19 18:31:48 +0430 2021
Mon Jul 19 18:32:49 +0430 2021
Mon Jul 19 18:33:49 +0430 2021
Mon Jul 19 18:34:49 +0430 2021
Mon Jul 19 18:35:49 +0430 2021
Mon Jul 19 18:36:49 +0430 2021
Mon Jul 19 18:37:49 +0430 2021
Mon Jul 19 18:38:49 +0430 2021
Mon Jul 19 18:39:49 +0430 2021
Mon Jul 19 18:40:49 +0430 2021
Mon Jul 19 18:41:49 +0430 2021
Mon Jul 19 18:42:49 +0430 2021
Mon Jul 19 18:43:49 +0430 2021
Mon Jul 19 18:44:49 +0430 2021
Mon Jul 19 18:45:49 +0430 2021
Mon Jul 19 18:46:49 +0430 2021
Mon Jul 19 18:47:49 +0430 2021
Mon Jul 19 18:48:49 +0430 2021
Mon Jul 19 18:49:49 +0430 2021
Mon Jul 19 18:50:49 +0430 2021
Mon Jul 19 18:51:49 +0430 2021
Mon Jul 19 18:52:49 +0430 2021
Mon Jul 19 18:53:49 +0430 2021
Mon Jul 19 18:54:49 +0430 2021
Mon Jul 19 18:55:49 +0430 2021
Mon Jul 19 18:56:49 +0430 2021
Mon Jul 19 18:57:49 +0430 2021
Mon Jul 19 18:58:49 +0430 2021
Mon Jul 19 18:59:49 +0430 2021
Mon Jul 19 19:00:49 +0430 2021
Mon Jul 19 19:01:49 +0430 2021
Mon Jul 19 19:02:49 +0430 2021
Mon Jul 19 19:03:49 +0430 2021
Mon Jul 19 19:04:49 +0430 2021
Mon Jul 19 19:05:49 +0430 2021
Mon Jul 19 19:06:49 +0430 2021
Mon Jul 19 19:07:49 +0430 2021
Mon Jul 19 19:08:49 +0430 2021
Mon Jul 19 19:09:49 +0430 2021
Mon Jul 19 19:10:49 +0430 2021
Mon Jul 19 19:11:49 +0430 2021
Mon Jul 19 19:12:49 +0430 2021
Mon Jul 19 19:13:49 +0430 2021
Mon Jul 19 19:14:49 +0430 2021
Mon Jul 19 19:15:49 +0430 2021
Mon Jul 19 19:16:49 +0430 2021
Mon Jul 19 19:17:49 +0430 2021
Mon Jul 19 19:18:49 +0430 2021
Mon Jul 19 19:19:49 +0430 2021
Mon Jul 19 19:20:49 +0430 2021
Mon Jul 19 19:21:49 +0430 2021
Mon Jul 19 19:22:49 +0430 2021
Mon Jul 19 19:23:49 +0430 2021
Mon Jul 19 19:24:49 +0430 2021
Mon Jul 19 19:25:49 +0430 2021
Mon Jul 19 19:26:49 +0430 2021
Mon Jul 19 19:27:49 +0430 2021
Mon Jul 19 19:28:49 +0430 2021
Mon Jul 19 19:29:49 +0430 2021
Mon Jul 19 19:30:49 +0430 2021
Mon Jul 19 19:31:49 +0430 2021
Mon Jul 19 19:32:49 +0430 2021
Mon Jul 19 19:33:49 +0430 2021
Mon Jul 19 19:34:49 +0430 2021
Mon Jul 19 19:35:49 +0430 2021
Mon Jul 19 19:36:49 +0430 2021
Mon Jul 19 19:37:50 +0430 2021
Mon Jul 19 19:38:50 +0430 2021
Mon Jul 19 19:39:50 +0430 2021
Mon Jul 19 19:40:50 +0430 2021
Mon Jul 19 19:41:50 +0430 2021
Mon Jul 19 19:42:50 +0430 2021
Mon Jul 19 19:43:50 +0430 2021
Mon Jul 19 19:44:50 +0430 2021
Mon Jul 19 19:45:50 +0430 2021
Mon Jul 19 19:46:50 +0430 2021
Mon Jul 19 19:47:50 +0430 2021
Mon Jul 19 19:48:50 +0430 2021
Mon Jul 19 19:49:50 +0430 2021
Mon Jul 19 19:50:50 +0430 2021
Mon Jul 19 19:51:50 +0430 2021
Mon Jul 19 19:52:50 +0430 2021
Mon Jul 19 19:53:50 +0430 2021
Mon Jul 19 19:54:50 +0430 2021
Mon Jul 19 19:55:50 +0430 2021
Mon Jul 19 19:56:50 +0430 2021
Mon Jul 19 19:57:50 +0430 2021
Mon Jul 19 19:58:50 +0430 2021
Mon Jul 19 19:59:50 +0430 2021
Mon Jul 19 20:00:50 +0430 2021
Mon Jul 19 20:01:50 +0430 2021
Mon Jul 19 20:02:50 +0430 2021
Mon Jul 19 20:03:50 +0430 2021
Mon Jul 19 20:04:50 +0430 2021
Mon Jul 19 20:05:50 +0430 2021
Mon Jul 19 20:06:50 +0430 2021
Mon Jul 19 20:07:50 +0430 2021
Mon Jul 19 20:08:50 +0430 2021
Mon Jul 19 20:09:50 +0430 2021
Mon Jul 19 20:10:50 +0430 2021
Mon Jul 19 20:11:50 +0430 2021
Mon Jul 19 20:12:50 +0430 2021
Mon Jul 19 20:13:50 +0430 2021
Mon Jul 19 20:14:50 +0430 2021
Mon Jul 19 20:15:50 +0430 2021
Mon Jul 19 20:16:50 +0430 2021
Mon Jul 19 20:17:50 +0430 2021
Mon Jul 19 20:18:50 +0430 2021
Mon Jul 19 20:19:50 +0430 2021
Mon Jul 19 20:20:50 +0430 2021
Mon Jul 19 20:21:50 +0430 2021
Mon Jul 19 20:22:50 +0430 2021
Mon Jul 19 20:23:50 +0430 2021
Mon Jul 19 20:24:50 +0430 2021
Mon Jul 19 20:25:50 +0430 2021
Mon Jul 19 20:26:50 +0430 2021
Mon Jul 19 20:27:50 +0430 2021
Mon Jul 19 20:28:50 +0430 2021
Mon Jul 19 20:29:50 +0430 2021
Mon Jul 19 20:30:50 +0430 2021
Mon Jul 19 20:31:51 +0430 2021
Mon Jul 19 20:32:51 +0430 2021
Mon Jul 19 20:33:51 +0430 2021
Mon Jul 19 20:34:51 +0430 2021
Mon Jul 19 20:35:51 +0430 2021
Mon Jul 19 20:36:51 +0430 2021
Mon Jul 19 20:37:51 +0430 2021
Mon Jul 19 20:38:51 +0430 2021
Mon Jul 19 20:39:51 +0430 2021
Mon Jul 19 20:40:51 +0430 2021
Mon Jul 19 20:41:51 +0430 2021
Mon Jul 19 20:42:51 +0430 2021
Mon Jul 19 20:43:51 +0430 2021
Mon Jul 19 20:44:51 +0430 2021
Mon Jul 19 20:45:51 +0430 2021
Mon Jul 19 20:46:51 +0430 2021
Mon Jul 19 20:47:51 +0430 2021
Mon Jul 19 20:48:51 +0430 2021
Mon Jul 19 20:49:51 +0430 2021
Mon Jul 19 20:50:51 +0430 2021
Mon Jul 19 20:51:51 +0430 2021
Mon Jul 19 20:52:51 +0430 2021
Mon Jul 19 20:53:51 +0430 2021
Mon Jul 19 20:54:51 +0430 2021
Mon Jul 19 20:55:51 +0430 2021
Mon Jul 19 20:56:51 +0430 2021
Mon Jul 19 20:57:51 +0430 2021
Mon Jul 19 20:58:51 +0430 2021
Mon Jul 19 20:59:51 +0430 2021
Mon Jul 19 21:00:51 +0430 2021
Mon Jul 19 21:01:51 +0430 2021
Mon Jul 19 21:02:51 +0430 2021
Mon Jul 19 21:03:51 +0430 2021
Mon Jul 19 21:04:51 +0430 2021
Mon Jul 19 21:05:51 +0430 2021
Mon Jul 19 21:06:51 +0430 2021
Mon Jul 19 21:07:51 +0430 2021
Mon Jul 19 21:08:51 +0430 2021
Mon Jul 19 21:09:51 +0430 2021
Mon Jul 19 21:10:51 +0430 2021
Mon Jul 19 21:11:51 +0430 2021
Mon Jul 19 21:12:51 +0430 2021
Mon Jul 19 21:13:51 +0430 2021
Mon Jul 19 21:14:51 +0430 2021
Mon Jul 19 21:15:51 +0430 2021
Mon Jul 19 21:16:51 +0430 2021
Mon Jul 19 21:17:51 +0430 2021
Mon Jul 19 21:18:51 +0430 2021
Mon Jul 19 21:19:51 +0430 2021
Mon Jul 19 21:20:51 +0430 2021
Mon Jul 19 21:21:51 +0430 2021
Mon Jul 19 21:22:51 +0430 2021
Mon Jul 19 21:23:51 +0430 2021
Mon Jul 19 21:24:51 +0430 2021
Mon Jul 19 21:25:51 +0430 2021
Mon Jul 19 21:26:51 +0430 2021
Mon Jul 19 21:27:51 +0430 2021
Mon Jul 19 21:28:52 +0430 2021
Mon Jul 19 21:29:52 +0430 2021
Mon Jul 19 21:30:52 +0430 2021
Mon Jul 19 21:31:52 +0430 2021
Mon Jul 19 21:32:52 +0430 2021
Mon Jul 19 21:33:52 +0430 2021
Mon Jul 19 21:34:52 +0430 2021
Mon Jul 19 21:35:52 +0430 2021
Mon Jul 19 21:36:52 +0430 2021
Mon Jul 19 21:37:52 +0430 2021
Mon Jul 19 21:38:52 +0430 2021
Mon Jul 19 21:39:52 +0430 2021
Mon Jul 19 21:40:52 +0430 2021
Mon Jul 19 21:41:52 +0430 2021
Mon Jul 19 21:42:52 +0430 2021
Mon Jul 19 21:43:52 +0430 2021
Mon Jul 19 21:44:52 +0430 2021
Mon Jul 19 21:45:52 +0430 2021
Mon Jul 19 21:46:52 +0430 2021
Mon Jul 19 21:47:52 +0430 2021
Mon Jul 19 21:48:52 +0430 2021
Mon Jul 19 21:49:52 +0430 2021
Mon Jul 19 21:50:52 +0430 2021
Mon Jul 19 21:51:52 +0430 2021
Mon Jul 19 21:52:52 +0430 2021
Mon Jul 19 21:53:52 +0430 2021
Mon Jul 19 21:54:52 +0430 2021
Mon Jul 19 21:55:52 +0430 2021
Mon Jul 19 21:56:52 +0430 2021
Mon Jul 19 21:57:52 +0430 2021
Mon Jul 19 21:58:52 +0430 2021
Mon Jul 19 21:59:52 +0430 2021
Mon Jul 19 22:00:52 +0430 2021
Mon Jul 19 22:01:52 +0430 2021
Mon Jul 19 22:02:52 +0430 2021
Mon Jul 19 22:03:52 +0430 2021
Mon Jul 19 22:04:52 +0430 2021
Mon Jul 19 22:05:52 +0430 2021
Mon Jul 19 22:06:52 +0430 2021
Mon Jul 19 22:07:52 +0430 2021
Mon Jul 19 22:08:52 +0430 2021
Mon Jul 19 22:09:52 +0430 2021
Mon Jul 19 22:10:52 +0430 2021
Mon Jul 19 22:11:52 +0430 2021
Mon Jul 19 22:12:52 +0430 2021
Mon Jul 19 22:13:52 +0430 2021
Mon Jul 19 22:14:52 +0430 2021
Mon Jul 19 22:15:52 +0430 2021
Mon Jul 19 22:16:52 +0430 2021
Mon Jul 19 22:17:52 +0430 2021
Mon Jul 19 22:18:52 +0430 2021
Mon Jul 19 22:19:52 +0430 2021
Mon Jul 19 22:20:52 +0430 2021
Mon Jul 19 22:21:52 +0430 2021
Mon Jul 19 22:22:52 +0430 2021
Mon Jul 19 22:23:52 +0430 2021
Mon Jul 19 22:24:52 +0430 2021
Mon Jul 19 22:25:52 +0430 2021
Mon Jul 19 22:26:52 +0430 2021
Mon Jul 19 22:27:52 +0430 2021
Mon Jul 19 22:28:52 +0430 2021
Mon Jul 19 22:29:52 +0430 2021
Mon Jul 19 22:30:52 +0430 2021
Mon Jul 19 22:31:52 +0430 2021
Mon Jul 19 22:32:52 +0430 2021
Mon Jul 19 22:33:52 +0430 2021
Mon Jul 19 22:34:52 +0430 2021
Mon Jul 19 22:35:52 +0430 2021
Mon Jul 19 22:36:52 +0430 2021
Mon Jul 19 22:37:52 +0430 2021
Mon Jul 19 22:38:52 +0430 2021
Mon Jul 19 22:39:52 +0430 2021
Mon Jul 19 22:40:52 +0430 2021
Mon Jul 19 22:41:52 +0430 2021
Mon Jul 19 22:42:53 +0430 2021
Mon Jul 19 22:43:53 +0430 2021
Mon Jul 19 22:44:53 +0430 2021
Mon Jul 19 22:45:53 +0430 2021
Mon Jul 19 22:46:53 +0430 2021
Mon Jul 19 22:47:53 +0430 2021
Mon Jul 19 22:48:53 +0430 2021
Mon Jul 19 22:49:53 +0430 2021
Mon Jul 19 22:50:53 +0430 2021
Mon Jul 19 22:51:53 +0430 2021
Mon Jul 19 22:52:53 +0430 2021
Mon Jul 19 22:53:53 +0430 2021
Mon Jul 19 22:54:53 +0430 2021
Mon Jul 19 22:55:53 +0430 2021
Mon Jul 19 22:56:53 +0430 2021
Mon Jul 19 22:57:53 +0430 2021
Mon Jul 19 22:58:53 +0430 2021
Mon Jul 19 22:59:53 +0430 2021
Mon Jul 19 23:00:53 +0430 2021
Mon Jul 19 23:01:53 +0430 2021
Mon Jul 19 23:02:53 +0430 2021
Mon Jul 19 23:03:53 +0430 2021
Mon Jul 19 23:04:53 +0430 2021
Mon Jul 19 23:05:53 +0430 2021
Mon Jul 19 23:06:53 +0430 2021
Mon Jul 19 23:07:53 +0430 2021
Mon Jul 19 23:08:53 +0430 2021
Mon Jul 19 23:09:53 +0430 2021
Mon Jul 19 23:10:53 +0430 2021
Mon Jul 19 23:11:53 +0430 2021
Mon Jul 19 23:12:53 +0430 2021
Mon Jul 19 23:21:32 +0430 2021
Mon Jul 19 23:22:32 +0430 2021
Mon Jul 19 23:32:46 +0430 2021
Mon Jul 19 23:48:30 +0430 2021
Tue Jul 20 00:07:05 +0430 2021
Tue Jul 20 00:41:55 +0430 2021
Tue Jul 20 01:57:15 +0430 2021
Tue Jul 20 02:05:53 +0430 2021
Tue Jul 20 02:20:24 +0430 2021
Tue Jul 20 02:39:13 +0430 2021
Tue Jul 20 03:01:08 +0430 2021
Tue Jul 20 05:19:50 +0430 2021
Tue Jul 20 08:52:00 +0430 2021
Tue Jul 20 10:45:22 +0430 2021
Tue Jul 20 10:46:22 +0430 2021
Tue Jul 20 10:47:22 +0430 2021
Tue Jul 20 10:48:22 +0430 2021
Tue Jul 20 10:49:23 +0430 2021
Tue Jul 20 10:50:23 +0430 2021
Tue Jul 20 10:51:23 +0430 2021
Tue Jul 20 10:52:23 +0430 2021
Tue Jul 20 10:53:23 +0430 2021
Tue Jul 20 10:54:23 +0430 2021
Tue Jul 20 10:55:23 +0430 2021
Tue Jul 20 10:56:23 +0430 2021
Tue Jul 20 10:57:23 +0430 2021
Tue Jul 20 10:58:23 +0430 2021
Tue Jul 20 10:59:23 +0430 2021
Tue Jul 20 11:00:23 +0430 2021
Tue Jul 20 11:01:23 +0430 2021
Tue Jul 20 11:02:23 +0430 2021
Tue Jul 20 11:03:23 +0430 2021
Tue Jul 20 11:04:23 +0430 2021
Tue Jul 20 11:05:23 +0430 2021
Tue Jul 20 11:06:23 +0430 2021
Tue Jul 20 11:07:23 +0430 2021
Tue Jul 20 11:08:23 +0430 2021
Tue Jul 20 11:09:23 +0430 2021
Tue Jul 20 11:10:23 +0430 2021
Tue Jul 20 11:11:23 +0430 2021
Tue Jul 20 11:12:23 +0430 2021
Tue Jul 20 11:13:23 +0430 2021
Tue Jul 20 11:14:23 +0430 2021
Tue Jul 20 11:15:23 +0430 2021
Tue Jul 20 12:39:45 +0430 2021
Tue Jul 20 12:43:23 +0430 2021
Tue Jul 20 12:53:36 +0430 2021
Tue Jul 20 12:54:36 +0430 2021
Tue Jul 20 12:55:36 +0430 2021
Tue Jul 20 12:56:36 +0430 2021
Tue Jul 20 12:57:37 +0430 2021
Tue Jul 20 12:58:37 +0430 2021
Tue Jul 20 12:59:37 +0430 2021
Tue Jul 20 13:00:37 +0430 2021
Tue Jul 20 13:01:37 +0430 2021
Tue Jul 20 13:02:37 +0430 2021
Tue Jul 20 13:03:37 +0430 2021
Tue Jul 20 13:07:01 +0430 2021
Tue Jul 20 13:08:01 +0430 2021
Tue Jul 20 13:09:02 +0430 2021
Tue Jul 20 13:10:03 +0430 2021
Tue Jul 20 13:11:03 +0430 2021
Tue Jul 20 13:12:03 +0430 2021
Tue Jul 20 13:13:03 +0430 2021
Tue Jul 20 13:14:03 +0430 2021
Tue Jul 20 13:15:03 +0430 2021
Tue Jul 20 13:16:03 +0430 2021
Tue Jul 20 13:17:03 +0430 2021
Tue Jul 20 13:18:03 +0430 2021
Tue Jul 20 13:19:03 +0430 2021
Tue Jul 20 13:20:04 +0430 2021
Tue Jul 20 13:21:04 +0430 2021
Tue Jul 20 13:22:04 +0430 2021
Tue Jul 20 13:24:12 +0430 2021
Tue Jul 20 13:26:15 +0430 2021
Tue Jul 20 13:27:15 +0430 2021
Tue Jul 20 13:28:16 +0430 2021
Tue Jul 20 13:29:16 +0430 2021
Tue Jul 20 13:30:18 +0430 2021
Tue Jul 20 13:31:19 +0430 2021
Tue Jul 20 13:32:22 +0430 2021
Tue Jul 20 13:33:24 +0430 2021
Tue Jul 20 13:34:26 +0430 2021
Tue Jul 20 13:35:27 +0430 2021
Tue Jul 20 13:36:29 +0430 2021
Tue Jul 20 13:37:32 +0430 2021
Tue Jul 20 13:38:33 +0430 2021
Tue Jul 20 13:39:35 +0430 2021
Tue Jul 20 13:40:36 +0430 2021
Tue Jul 20 13:41:38 +0430 2021
Tue Jul 20 13:42:39 +0430 2021
Tue Jul 20 13:43:40 +0430 2021
Tue Jul 20 13:44:42 +0430 2021
Tue Jul 20 13:45:46 +0430 2021
Tue Jul 20 13:46:47 +0430 2021
Tue Jul 20 13:47:49 +0430 2021
Tue Jul 20 13:48:50 +0430 2021
Tue Jul 20 13:49:51 +0430 2021
Tue Jul 20 13:50:53 +0430 2021
Tue Jul 20 13:51:55 +0430 2021
Tue Jul 20 13:52:57 +0430 2021
Tue Jul 20 13:53:58 +0430 2021
Tue Jul 20 13:54:59 +0430 2021
Tue Jul 20 13:56:00 +0430 2021
Tue Jul 20 13:57:01 +0430 2021
Tue Jul 20 13:58:02 +0430 2021
Tue Jul 20 13:59:03 +0430 2021
Tue Jul 20 14:00:04 +0430 2021
Tue Jul 20 14:01:06 +0430 2021
Tue Jul 20 14:02:07 +0430 2021
Tue Jul 20 14:03:08 +0430 2021
Tue Jul 20 14:04:09 +0430 2021
Tue Jul 20 14:07:57 +0430 2021
Tue Jul 20 14:09:01 +0430 2021
Tue Jul 20 14:10:03 +0430 2021
Tue Jul 20 14:11:04 +0430 2021
Tue Jul 20 14:12:05 +0430 2021
Tue Jul 20 14:13:07 +0430 2021
Tue Jul 20 14:14:08 +0430 2021
Tue Jul 20 14:15:09 +0430 2021
Tue Jul 20 14:16:11 +0430 2021
Tue Jul 20 14:17:12 +0430 2021
Tue Jul 20 14:18:14 +0430 2021
Tue Jul 20 14:19:15 +0430 2021
Tue Jul 20 14:20:17 +0430 2021
Tue Jul 20 14:21:18 +0430 2021
Tue Jul 20 14:22:19 +0430 2021
Tue Jul 20 14:23:21 +0430 2021
Tue Jul 20 14:24:22 +0430 2021
Tue Jul 20 14:25:24 +0430 2021
Tue Jul 20 14:26:25 +0430 2021
Tue Jul 20 14:27:27 +0430 2021
Tue Jul 20 14:28:28 +0430 2021
Tue Jul 20 14:29:30 +0430 2021
Tue Jul 20 14:30:31 +0430 2021
Tue Jul 20 14:31:33 +0430 2021
Tue Jul 20 14:32:34 +0430 2021
Tue Jul 20 14:33:35 +0430 2021
Tue Jul 20 14:34:36 +0430 2021
Tue Jul 20 14:35:38 +0430 2021
Tue Jul 20 14:36:39 +0430 2021
Tue Jul 20 14:37:40 +0430 2021
Tue Jul 20 14:38:41 +0430 2021
Tue Jul 20 14:39:42 +0430 2021
Tue Jul 20 14:40:43 +0430 2021
Tue Jul 20 14:41:45 +0430 2021
Tue Jul 20 14:42:46 +0430 2021
Tue Jul 20 14:43:47 +0430 2021
Tue Jul 20 14:44:48 +0430 2021
Tue Jul 20 14:45:49 +0430 2021
Tue Jul 20 14:46:50 +0430 2021
Tue Jul 20 14:47:51 +0430 2021
Tue Jul 20 14:50:40 +0430 2021
Tue Jul 20 14:51:41 +0430 2021
Tue Jul 20 14:52:43 +0430 2021
Tue Jul 20 14:53:44 +0430 2021
Tue Jul 20 14:54:45 +0430 2021
Tue Jul 20 14:55:46 +0430 2021
Tue Jul 20 14:56:47 +0430 2021
Tue Jul 20 14:57:48 +0430 2021
Tue Jul 20 14:58:49 +0430 2021
Tue Jul 20 14:59:51 +0430 2021
Tue Jul 20 15:00:52 +0430 2021
Tue Jul 20 15:01:53 +0430 2021
Tue Jul 20 15:02:54 +0430 2021
Tue Jul 20 15:03:55 +0430 2021
Tue Jul 20 15:06:50 +0430 2021
Tue Jul 20 15:07:51 +0430 2021
Tue Jul 20 15:08:52 +0430 2021
Tue Jul 20 15:09:53 +0430 2021
Tue Jul 20 15:10:57 +0430 2021
Tue Jul 20 15:11:58 +0430 2021
Tue Jul 20 15:12:59 +0430 2021
Tue Jul 20 15:14:00 +0430 2021
Tue Jul 20 15:15:23 +0430 2021
Tue Jul 20 15:16:24 +0430 2021
Tue Jul 20 15:17:25 +0430 2021
Tue Jul 20 15:18:28 +0430 2021
Tue Jul 20 15:29:15 +0430 2021
Tue Jul 20 15:30:17 +0430 2021
Tue Jul 20 15:31:19 +0430 2021
Tue Jul 20 15:32:20 +0430 2021
Tue Jul 20 15:33:22 +0430 2021
Tue Jul 20 15:34:24 +0430 2021
Tue Jul 20 15:35:25 +0430 2021
Tue Jul 20 15:36:28 +0430 2021
Tue Jul 20 15:37:29 +0430 2021
Tue Jul 20 15:38:30 +0430 2021
Tue Jul 20 15:39:31 +0430 2021
Tue Jul 20 15:40:33 +0430 2021
Tue Jul 20 15:41:34 +0430 2021
Tue Jul 20 15:42:35 +0430 2021
Tue Jul 20 15:43:36 +0430 2021
Tue Jul 20 15:44:38 +0430 2021
Tue Jul 20 15:45:40 +0430 2021
Tue Jul 20 15:46:41 +0430 2021
Tue Jul 20 15:47:42 +0430 2021
Tue Jul 20 15:48:44 +0430 2021
Tue Jul 20 15:49:45 +0430 2021
Tue Jul 20 15:50:48 +0430 2021
Tue Jul 20 15:51:50 +0430 2021
Tue Jul 20 15:52:54 +0430 2021
Tue Jul 20 15:53:56 +0430 2021
Tue Jul 20 15:54:57 +0430 2021
Tue Jul 20 15:55:58 +0430 2021
Tue Jul 20 15:56:59 +0430 2021
Tue Jul 20 15:58:01 +0430 2021
Tue Jul 20 15:59:02 +0430 2021
Tue Jul 20 16:00:05 +0430 2021
Tue Jul 20 16:01:08 +0430 2021
Tue Jul 20 16:02:12 +0430 2021
Tue Jul 20 16:03:15 +0430 2021
Tue Jul 20 16:04:19 +0430 2021
Tue Jul 20 16:05:23 +0430 2021
Tue Jul 20 16:06:28 +0430 2021
Tue Jul 20 16:07:44 +0430 2021
Tue Jul 20 16:08:47 +0430 2021
Tue Jul 20 16:09:49 +0430 2021
Tue Jul 20 16:10:50 +0430 2021
Tue Jul 20 16:11:53 +0430 2021
Tue Jul 20 16:12:55 +0430 2021
Tue Jul 20 16:13:56 +0430 2021
Tue Jul 20 16:14:58 +0430 2021
Tue Jul 20 16:16:01 +0430 2021
Tue Jul 20 16:17:06 +0430 2021
Tue Jul 20 16:18:11 +0430 2021
Tue Jul 20 16:19:13 +0430 2021
Tue Jul 20 16:20:15 +0430 2021
Tue Jul 20 16:21:17 +0430 2021
Tue Jul 20 16:22:18 +0430 2021
Tue Jul 20 16:23:20 +0430 2021
Tue Jul 20 16:24:23 +0430 2021
Tue Jul 20 16:25:25 +0430 2021
Tue Jul 20 16:26:30 +0430 2021
Tue Jul 20 16:27:32 +0430 2021
Tue Jul 20 16:28:39 +0430 2021
Tue Jul 20 16:29:43 +0430 2021
Tue Jul 20 16:30:46 +0430 2021
Tue Jul 20 16:31:50 +0430 2021
Tue Jul 20 16:32:51 +0430 2021
Tue Jul 20 16:33:52 +0430 2021
Tue Jul 20 16:34:54 +0430 2021
Tue Jul 20 16:35:55 +0430 2021
Tue Jul 20 16:36:56 +0430 2021
Tue Jul 20 16:37:57 +0430 2021
Tue Jul 20 16:38:58 +0430 2021
Tue Jul 20 16:40:00 +0430 2021
Tue Jul 20 16:41:01 +0430 2021
Tue Jul 20 16:42:02 +0430 2021
Tue Jul 20 16:43:03 +0430 2021
Tue Jul 20 16:44:04 +0430 2021
Tue Jul 20 16:45:06 +0430 2021
Tue Jul 20 16:46:08 +0430 2021
Tue Jul 20 16:47:09 +0430 2021
Tue Jul 20 16:48:11 +0430 2021
Tue Jul 20 16:49:12 +0430 2021
Tue Jul 20 16:50:13 +0430 2021
Tue Jul 20 17:00:47 +0430 2021
Tue Jul 20 17:01:52 +0430 2021
Tue Jul 20 17:02:55 +0430 2021
Tue Jul 20 17:03:58 +0430 2021
Tue Jul 20 17:05:00 +0430 2021
Tue Jul 20 17:06:02 +0430 2021
Tue Jul 20 17:07:06 +0430 2021
Tue Jul 20 17:08:09 +0430 2021
Tue Jul 20 17:09:11 +0430 2021
Tue Jul 20 17:10:14 +0430 2021
Tue Jul 20 17:11:17 +0430 2021
Tue Jul 20 17:12:20 +0430 2021
Tue Jul 20 17:13:23 +0430 2021
Tue Jul 20 17:14:25 +0430 2021
Tue Jul 20 17:15:27 +0430 2021
Tue Jul 20 17:16:41 +0430 2021
Tue Jul 20 17:17:44 +0430 2021
Tue Jul 20 17:18:47 +0430 2021
Tue Jul 20 17:19:50 +0430 2021
Tue Jul 20 17:20:52 +0430 2021
Tue Jul 20 17:21:55 +0430 2021
Tue Jul 20 17:22:57 +0430 2021
Tue Jul 20 17:24:00 +0430 2021
Tue Jul 20 17:25:02 +0430 2021
Tue Jul 20 17:26:05 +0430 2021
Tue Jul 20 17:27:08 +0430 2021
Tue Jul 20 17:28:11 +0430 2021
Tue Jul 20 17:29:14 +0430 2021
Tue Jul 20 17:30:17 +0430 2021
Tue Jul 20 17:31:20 +0430 2021
Tue Jul 20 17:32:23 +0430 2021
Tue Jul 20 17:33:26 +0430 2021
Tue Jul 20 17:34:29 +0430 2021
Tue Jul 20 17:35:32 +0430 2021
Tue Jul 20 17:36:35 +0430 2021
Tue Jul 20 17:37:38 +0430 2021
Tue Jul 20 17:38:40 +0430 2021
Tue Jul 20 17:39:42 +0430 2021
Tue Jul 20 17:40:43 +0430 2021
Tue Jul 20 17:41:45 +0430 2021
Tue Jul 20 17:42:47 +0430 2021
Tue Jul 20 17:43:49 +0430 2021
Tue Jul 20 17:44:50 +0430 2021
Tue Jul 20 17:45:52 +0430 2021
Tue Jul 20 17:46:54 +0430 2021
Tue Jul 20 17:47:58 +0430 2021
Tue Jul 20 17:49:06 +0430 2021
Tue Jul 20 17:50:17 +0430 2021
Tue Jul 20 17:51:20 +0430 2021
Tue Jul 20 17:52:24 +0430 2021
Tue Jul 20 17:53:26 +0430 2021
Tue Jul 20 17:54:28 +0430 2021
Tue Jul 20 17:55:30 +0430 2021
Tue Jul 20 17:56:33 +0430 2021
Tue Jul 20 17:57:36 +0430 2021
Tue Jul 20 17:58:38 +0430 2021
Tue Jul 20 17:59:40 +0430 2021
Tue Jul 20 18:00:42 +0430 2021
Tue Jul 20 18:01:44 +0430 2021
Tue Jul 20 18:02:46 +0430 2021
Tue Jul 20 18:03:48 +0430 2021
Tue Jul 20 18:04:50 +0430 2021
Tue Jul 20 18:05:52 +0430 2021
Tue Jul 20 18:06:54 +0430 2021
Tue Jul 20 18:07:57 +0430 2021
Tue Jul 20 18:08:58 +0430 2021
Tue Jul 20 18:09:59 +0430 2021
Tue Jul 20 18:11:01 +0430 2021
Tue Jul 20 18:12:02 +0430 2021
Tue Jul 20 18:13:03 +0430 2021
Tue Jul 20 18:14:05 +0430 2021
Tue Jul 20 18:15:06 +0430 2021
Tue Jul 20 18:16:07 +0430 2021
Tue Jul 20 18:46:57 +0430 2021
Tue Jul 20 19:05:20 +0430 2021
Tue Jul 20 19:21:41 +0430 2021
Tue Jul 20 19:38:14 +0430 2021
Tue Jul 20 20:43:46 +0430 2021
Tue Jul 20 21:51:16 +0430 2021
Tue Jul 20 21:52:18 +0430 2021
Tue Jul 20 21:53:20 +0430 2021
Tue Jul 20 21:54:22 +0430 2021
Tue Jul 20 21:55:23 +0430 2021
Tue Jul 20 21:56:26 +0430 2021
Tue Jul 20 21:57:28 +0430 2021
Tue Jul 20 21:58:29 +0430 2021
Tue Jul 20 21:59:31 +0430 2021
Tue Jul 20 22:00:32 +0430 2021
Tue Jul 20 22:01:33 +0430 2021
Tue Jul 20 22:02:35 +0430 2021
Tue Jul 20 22:03:36 +0430 2021
Tue Jul 20 22:04:37 +0430 2021
Tue Jul 20 22:05:38 +0430 2021
Tue Jul 20 22:06:39 +0430 2021
Tue Jul 20 22:07:41 +0430 2021
Tue Jul 20 22:08:42 +0430 2021
Tue Jul 20 22:09:43 +0430 2021
Tue Jul 20 22:10:45 +0430 2021
Tue Jul 20 22:11:46 +0430 2021
Tue Jul 20 22:12:47 +0430 2021
Tue Jul 20 22:13:49 +0430 2021
Tue Jul 20 22:14:50 +0430 2021
Tue Jul 20 22:15:52 +0430 2021
Tue Jul 20 22:16:53 +0430 2021
Tue Jul 20 22:17:54 +0430 2021
Tue Jul 20 22:18:56 +0430 2021
Tue Jul 20 22:19:57 +0430 2021
Tue Jul 20 22:20:58 +0430 2021
Tue Jul 20 22:21:59 +0430 2021
Tue Jul 20 22:23:00 +0430 2021
Tue Jul 20 22:24:01 +0430 2021
Tue Jul 20 22:25:03 +0430 2021
Tue Jul 20 22:26:05 +0430 2021
Tue Jul 20 22:27:07 +0430 2021
Tue Jul 20 22:28:08 +0430 2021
Tue Jul 20 22:29:09 +0430 2021
Tue Jul 20 22:30:11 +0430 2021
Tue Jul 20 22:31:12 +0430 2021
Tue Jul 20 22:32:14 +0430 2021
Tue Jul 20 22:33:15 +0430 2021
Tue Jul 20 22:34:16 +0430 2021
Tue Jul 20 22:35:18 +0430 2021
Tue Jul 20 22:36:19 +0430 2021
Tue Jul 20 22:37:21 +0430 2021
Tue Jul 20 22:38:22 +0430 2021
Tue Jul 20 22:39:23 +0430 2021
Tue Jul 20 22:40:24 +0430 2021
Tue Jul 20 22:41:29 +0430 2021
Tue Jul 20 22:43:40 +0430 2021
Tue Jul 20 22:44:41 +0430 2021
Tue Jul 20 22:45:43 +0430 2021
Tue Jul 20 22:46:44 +0430 2021
Tue Jul 20 22:47:45 +0430 2021
Tue Jul 20 22:48:46 +0430 2021
Tue Jul 20 22:49:51 +0430 2021
Tue Jul 20 22:50:55 +0430 2021
Tue Jul 20 22:51:59 +0430 2021
Tue Jul 20 22:53:01 +0430 2021
Tue Jul 20 22:54:02 +0430 2021
Tue Jul 20 22:55:03 +0430 2021
Tue Jul 20 22:56:05 +0430 2021
Tue Jul 20 22:57:06 +0430 2021
Tue Jul 20 22:58:07 +0430 2021
Tue Jul 20 22:59:08 +0430 2021
Tue Jul 20 23:00:09 +0430 2021
Tue Jul 20 23:01:11 +0430 2021
Tue Jul 20 23:02:12 +0430 2021
Tue Jul 20 23:03:14 +0430 2021
Tue Jul 20 23:06:11 +0430 2021
Tue Jul 20 23:07:13 +0430 2021
Tue Jul 20 23:08:14 +0430 2021
Tue Jul 20 23:09:15 +0430 2021
Tue Jul 20 23:10:16 +0430 2021
Tue Jul 20 23:11:18 +0430 2021
Tue Jul 20 23:12:19 +0430 2021
Tue Jul 20 23:13:20 +0430 2021
Tue Jul 20 23:14:21 +0430 2021
Tue Jul 20 23:15:22 +0430 2021
Tue Jul 20 23:16:23 +0430 2021
Tue Jul 20 23:17:25 +0430 2021
Tue Jul 20 23:22:25 +0430 2021
Tue Jul 20 23:23:29 +0430 2021
Tue Jul 20 23:24:30 +0430 2021
Tue Jul 20 23:25:32 +0430 2021
Tue Jul 20 23:26:33 +0430 2021
Tue Jul 20 23:27:35 +0430 2021
Tue Jul 20 23:28:36 +0430 2021
Tue Jul 20 23:29:38 +0430 2021
Tue Jul 20 23:30:39 +0430 2021
Tue Jul 20 23:31:40 +0430 2021
Tue Jul 20 23:32:42 +0430 2021
Tue Jul 20 23:33:50 +0430 2021
Tue Jul 20 23:34:52 +0430 2021
Tue Jul 20 23:35:54 +0430 2021
Tue Jul 20 23:36:56 +0430 2021
Tue Jul 20 23:37:57 +0430 2021
Tue Jul 20 23:38:58 +0430 2021
Tue Jul 20 23:40:00 +0430 2021
Tue Jul 20 23:41:01 +0430 2021
Tue Jul 20 23:42:02 +0430 2021
Tue Jul 20 23:43:04 +0430 2021
Tue Jul 20 23:44:05 +0430 2021
Tue Jul 20 23:45:06 +0430 2021
Tue Jul 20 23:46:08 +0430 2021
Tue Jul 20 23:47:09 +0430 2021
Tue Jul 20 23:48:11 +0430 2021
Tue Jul 20 23:49:12 +0430 2021
Tue Jul 20 23:50:13 +0430 2021
Tue Jul 20 23:51:15 +0430 2021
Tue Jul 20 23:52:16 +0430 2021
Tue Jul 20 23:53:17 +0430 2021
Tue Jul 20 23:54:18 +0430 2021
Tue Jul 20 23:55:20 +0430 2021
Tue Jul 20 23:56:21 +0430 2021
Tue Jul 20 23:57:22 +0430 2021
Tue Jul 20 23:58:24 +0430 2021
Tue Jul 20 23:59:25 +0430 2021
Wed Jul 21 00:00:27 +0430 2021
Wed Jul 21 00:01:28 +0430 2021
Wed Jul 21 00:02:29 +0430 2021
Wed Jul 21 00:03:31 +0430 2021
Wed Jul 21 00:04:32 +0430 2021
Wed Jul 21 00:05:33 +0430 2021
Wed Jul 21 00:06:34 +0430 2021
Wed Jul 21 00:07:35 +0430 2021
Wed Jul 21 00:08:37 +0430 2021
Wed Jul 21 00:09:38 +0430 2021
Wed Jul 21 00:10:39 +0430 2021
Wed Jul 21 00:11:40 +0430 2021
Wed Jul 21 00:12:41 +0430 2021
Wed Jul 21 00:13:42 +0430 2021
Wed Jul 21 00:14:44 +0430 2021
Wed Jul 21 00:15:45 +0430 2021
Wed Jul 21 00:16:46 +0430 2021
Wed Jul 21 00:17:47 +0430 2021
Wed Jul 21 00:18:48 +0430 2021
Wed Jul 21 00:19:49 +0430 2021
Wed Jul 21 00:20:51 +0430 2021
Wed Jul 21 00:21:52 +0430 2021
Wed Jul 21 00:22:53 +0430 2021
Wed Jul 21 00:23:54 +0430 2021
Wed Jul 21 00:24:55 +0430 2021
Wed Jul 21 00:25:56 +0430 2021
Wed Jul 21 00:26:58 +0430 2021
Wed Jul 21 00:27:59 +0430 2021
Wed Jul 21 00:29:00 +0430 2021
Wed Jul 21 00:30:01 +0430 2021
Wed Jul 21 00:31:03 +0430 2021
Wed Jul 21 00:32:04 +0430 2021
Wed Jul 21 00:33:06 +0430 2021
Wed Jul 21 00:34:08 +0430 2021
Wed Jul 21 00:35:09 +0430 2021
Wed Jul 21 00:36:10 +0430 2021
Wed Jul 21 00:37:11 +0430 2021
Wed Jul 21 00:38:13 +0430 2021
Wed Jul 21 00:39:14 +0430 2021
Wed Jul 21 00:40:15 +0430 2021
Wed Jul 21 00:41:16 +0430 2021
Wed Jul 21 00:42:18 +0430 2021
Wed Jul 21 00:43:19 +0430 2021
Wed Jul 21 00:44:20 +0430 2021
Wed Jul 21 00:45:21 +0430 2021
Wed Jul 21 00:46:23 +0430 2021
Wed Jul 21 00:47:24 +0430 2021
Wed Jul 21 00:48:25 +0430 2021
Wed Jul 21 00:49:27 +0430 2021
Wed Jul 21 00:50:28 +0430 2021
Wed Jul 21 00:51:29 +0430 2021
Wed Jul 21 00:52:31 +0430 2021
Wed Jul 21 00:53:32 +0430 2021
Wed Jul 21 00:54:33 +0430 2021
Wed Jul 21 00:55:35 +0430 2021
Wed Jul 21 00:56:36 +0430 2021
Wed Jul 21 00:57:37 +0430 2021
Wed Jul 21 00:58:38 +0430 2021
Wed Jul 21 00:59:40 +0430 2021
Wed Jul 21 01:00:41 +0430 2021
Wed Jul 21 01:01:43 +0430 2021
Wed Jul 21 01:02:44 +0430 2021
Wed Jul 21 01:03:45 +0430 2021
Wed Jul 21 01:04:46 +0430 2021
Wed Jul 21 01:05:48 +0430 2021
Wed Jul 21 01:06:49 +0430 2021
Wed Jul 21 01:07:50 +0430 2021
Wed Jul 21 01:08:52 +0430 2021
Wed Jul 21 01:09:53 +0430 2021
Wed Jul 21 01:10:54 +0430 2021
Wed Jul 21 01:11:56 +0430 2021
Wed Jul 21 01:12:57 +0430 2021
Wed Jul 21 01:13:58 +0430 2021
Wed Jul 21 01:14:59 +0430 2021
Wed Jul 21 01:16:01 +0430 2021
Wed Jul 21 01:17:02 +0430 2021
Wed Jul 21 01:18:03 +0430 2021
Wed Jul 21 01:19:04 +0430 2021
Wed Jul 21 01:20:06 +0430 2021
Wed Jul 21 01:21:07 +0430 2021
Wed Jul 21 01:22:08 +0430 2021
Wed Jul 21 01:23:10 +0430 2021
Wed Jul 21 01:24:11 +0430 2021
Wed Jul 21 01:25:12 +0430 2021
Wed Jul 21 01:26:14 +0430 2021
Wed Jul 21 01:27:15 +0430 2021
Wed Jul 21 01:28:16 +0430 2021
Wed Jul 21 01:29:17 +0430 2021
Wed Jul 21 01:30:19 +0430 2021
Wed Jul 21 01:31:20 +0430 2021
Wed Jul 21 01:32:21 +0430 2021
Wed Jul 21 01:33:23 +0430 2021
Wed Jul 21 01:34:25 +0430 2021
Wed Jul 21 01:35:26 +0430 2021
Wed Jul 21 01:36:27 +0430 2021
Wed Jul 21 01:42:59 +0430 2021
Wed Jul 21 01:59:51 +0430 2021
Wed Jul 21 02:03:29 +0430 2021
Wed Jul 21 02:04:51 +0430 2021
Wed Jul 21 09:58:59 +0430 2021
Wed Jul 21 10:00:03 +0430 2021
Wed Jul 21 10:01:04 +0430 2021
Wed Jul 21 10:02:06 +0430 2021
Wed Jul 21 10:03:07 +0430 2021
Wed Jul 21 10:04:09 +0430 2021
Wed Jul 21 10:05:11 +0430 2021
Wed Jul 21 10:06:12 +0430 2021
Wed Jul 21 10:07:14 +0430 2021
Wed Jul 21 10:08:15 +0430 2021
Wed Jul 21 10:09:16 +0430 2021
Wed Jul 21 10:10:18 +0430 2021
Wed Jul 21 10:11:19 +0430 2021
Wed Jul 21 10:12:20 +0430 2021
Wed Jul 21 10:13:21 +0430 2021
Wed Jul 21 10:14:23 +0430 2021
Wed Jul 21 10:15:24 +0430 2021
Wed Jul 21 10:16:25 +0430 2021
Wed Jul 21 10:17:26 +0430 2021
Wed Jul 21 10:18:28 +0430 2021
Wed Jul 21 10:19:29 +0430 2021
Wed Jul 21 10:20:30 +0430 2021
Wed Jul 21 10:21:31 +0430 2021
Wed Jul 21 10:22:33 +0430 2021
Wed Jul 21 10:23:34 +0430 2021
Wed Jul 21 10:24:35 +0430 2021
Wed Jul 21 10:25:37 +0430 2021
Wed Jul 21 10:26:38 +0430 2021
Wed Jul 21 10:27:39 +0430 2021
Wed Jul 21 10:28:41 +0430 2021
Wed Jul 21 10:29:43 +0430 2021
Wed Jul 21 10:30:44 +0430 2021
Wed Jul 21 10:31:45 +0430 2021
Wed Jul 21 10:32:47 +0430 2021
Wed Jul 21 10:33:48 +0430 2021
Wed Jul 21 10:34:49 +0430 2021
Wed Jul 21 10:35:50 +0430 2021
Wed Jul 21 10:36:52 +0430 2021
Wed Jul 21 10:37:53 +0430 2021
Wed Jul 21 10:38:54 +0430 2021
Wed Jul 21 10:39:55 +0430 2021
Wed Jul 21 10:40:57 +0430 2021
Wed Jul 21 10:41:58 +0430 2021
Wed Jul 21 10:42:59 +0430 2021
Wed Jul 21 10:44:01 +0430 2021
Wed Jul 21 10:45:02 +0430 2021
Wed Jul 21 10:46:03 +0430 2021
Wed Jul 21 10:47:05 +0430 2021
Wed Jul 21 10:48:06 +0430 2021
Wed Jul 21 10:49:07 +0430 2021
Wed Jul 21 10:50:09 +0430 2021
Wed Jul 21 10:51:11 +0430 2021
Wed Jul 21 10:52:12 +0430 2021
Wed Jul 21 10:53:13 +0430 2021
Wed Jul 21 10:54:15 +0430 2021
Wed Jul 21 10:55:16 +0430 2021
Wed Jul 21 10:56:17 +0430 2021
Wed Jul 21 10:57:18 +0430 2021
Wed Jul 21 10:58:20 +0430 2021
Wed Jul 21 10:59:21 +0430 2021
Wed Jul 21 11:00:22 +0430 2021
Wed Jul 21 11:01:23 +0430 2021
Wed Jul 21 11:02:25 +0430 2021
Wed Jul 21 11:03:26 +0430 2021
Wed Jul 21 11:04:27 +0430 2021
Wed Jul 21 11:05:28 +0430 2021
Wed Jul 21 11:06:30 +0430 2021
Wed Jul 21 11:07:31 +0430 2021
Wed Jul 21 11:08:32 +0430 2021
Wed Jul 21 11:09:33 +0430 2021
Wed Jul 21 11:10:35 +0430 2021
Wed Jul 21 11:11:36 +0430 2021
Wed Jul 21 11:12:37 +0430 2021
Wed Jul 21 11:13:39 +0430 2021
Wed Jul 21 11:14:40 +0430 2021
Wed Jul 21 11:15:41 +0430 2021
Wed Jul 21 11:16:43 +0430 2021
Wed Jul 21 11:17:44 +0430 2021
Wed Jul 21 11:18:45 +0430 2021
Wed Jul 21 11:19:46 +0430 2021
Wed Jul 21 11:20:48 +0430 2021
Wed Jul 21 11:21:49 +0430 2021
Wed Jul 21 11:22:50 +0430 2021
Wed Jul 21 11:23:51 +0430 2021
Wed Jul 21 11:24:54 +0430 2021
Wed Jul 21 11:25:55 +0430 2021
Wed Jul 21 11:26:56 +0430 2021
Wed Jul 21 11:27:57 +0430 2021
Wed Jul 21 11:28:58 +0430 2021
Wed Jul 21 11:30:00 +0430 2021
Wed Jul 21 11:31:01 +0430 2021
Wed Jul 21 11:32:02 +0430 2021
Wed Jul 21 11:33:03 +0430 2021
Wed Jul 21 11:34:05 +0430 2021
Wed Jul 21 11:35:06 +0430 2021
Wed Jul 21 11:36:07 +0430 2021
Wed Jul 21 11:37:08 +0430 2021
Wed Jul 21 11:38:09 +0430 2021
Wed Jul 21 11:39:11 +0430 2021
Wed Jul 21 11:40:12 +0430 2021
Wed Jul 21 11:41:13 +0430 2021
Wed Jul 21 11:42:14 +0430 2021
Wed Jul 21 12:10:56 +0430 2021
Wed Jul 21 12:26:47 +0430 2021
Wed Jul 21 12:30:47 +0430 2021
Wed Jul 21 12:43:18 +0430 2021
Wed Jul 21 12:51:01 +0430 2021
Wed Jul 21 12:52:06 +0430 2021
Wed Jul 21 13:10:26 +0430 2021
Wed Jul 21 13:26:32 +0430 2021
Wed Jul 21 14:08:52 +0430 2021
Wed Jul 21 14:34:17 +0430 2021
Wed Jul 21 14:35:25 +0430 2021
Wed Jul 21 14:36:30 +0430 2021
Wed Jul 21 14:37:34 +0430 2021
Wed Jul 21 14:38:38 +0430 2021
Wed Jul 21 14:39:42 +0430 2021
Wed Jul 21 14:40:43 +0430 2021
Wed Jul 21 14:41:45 +0430 2021
Wed Jul 21 14:42:46 +0430 2021
Wed Jul 21 14:43:50 +0430 2021
Wed Jul 21 14:44:51 +0430 2021
Wed Jul 21 14:45:53 +0430 2021
Wed Jul 21 14:46:54 +0430 2021
Wed Jul 21 14:47:55 +0430 2021
Wed Jul 21 14:48:56 +0430 2021
Wed Jul 21 14:50:00 +0430 2021
Wed Jul 21 14:51:03 +0430 2021
Wed Jul 21 14:52:04 +0430 2021
Wed Jul 21 14:53:05 +0430 2021
Wed Jul 21 14:54:06 +0430 2021
Wed Jul 21 14:55:07 +0430 2021
Wed Jul 21 14:56:09 +0430 2021
Wed Jul 21 14:57:10 +0430 2021
Wed Jul 21 14:58:11 +0430 2021
Wed Jul 21 14:59:12 +0430 2021
Wed Jul 21 15:00:13 +0430 2021
Wed Jul 21 15:01:15 +0430 2021
Wed Jul 21 15:02:16 +0430 2021
Wed Jul 21 15:03:19 +0430 2021
Wed Jul 21 15:04:21 +0430 2021
Wed Jul 21 15:05:22 +0430 2021
Wed Jul 21 15:06:23 +0430 2021
Wed Jul 21 15:07:24 +0430 2021
Wed Jul 21 15:08:26 +0430 2021
Wed Jul 21 15:09:27 +0430 2021
Wed Jul 21 15:10:28 +0430 2021
Wed Jul 21 15:11:31 +0430 2021
Wed Jul 21 15:12:34 +0430 2021
Wed Jul 21 15:13:36 +0430 2021
Wed Jul 21 15:14:38 +0430 2021
Wed Jul 21 15:15:41 +0430 2021
Wed Jul 21 15:16:44 +0430 2021
Wed Jul 21 15:17:46 +0430 2021
Wed Jul 21 15:18:48 +0430 2021
Wed Jul 21 15:19:50 +0430 2021
Wed Jul 21 15:20:53 +0430 2021
Wed Jul 21 15:21:57 +0430 2021
Wed Jul 21 15:22:59 +0430 2021
Wed Jul 21 15:24:03 +0430 2021
Wed Jul 21 15:25:06 +0430 2021
Wed Jul 21 15:26:07 +0430 2021
Wed Jul 21 15:27:09 +0430 2021
Wed Jul 21 15:28:11 +0430 2021
Wed Jul 21 15:29:13 +0430 2021
Wed Jul 21 15:30:14 +0430 2021
Wed Jul 21 15:31:18 +0430 2021
Wed Jul 21 15:32:20 +0430 2021
Wed Jul 21 15:33:22 +0430 2021
Wed Jul 21 15:34:24 +0430 2021
Wed Jul 21 15:35:25 +0430 2021
Wed Jul 21 15:36:29 +0430 2021
Wed Jul 21 15:37:32 +0430 2021
Wed Jul 21 15:38:37 +0430 2021
Wed Jul 21 15:39:42 +0430 2021
Wed Jul 21 15:40:44 +0430 2021
Wed Jul 21 15:41:46 +0430 2021
Wed Jul 21 15:42:47 +0430 2021
Wed Jul 21 15:43:50 +0430 2021
Wed Jul 21 15:44:51 +0430 2021
Wed Jul 21 15:45:58 +0430 2021
Wed Jul 21 15:47:00 +0430 2021
Wed Jul 21 15:48:02 +0430 2021
Wed Jul 21 15:49:04 +0430 2021
Wed Jul 21 15:50:06 +0430 2021
Wed Jul 21 15:51:08 +0430 2021
Wed Jul 21 15:52:10 +0430 2021
Wed Jul 21 15:53:11 +0430 2021
Wed Jul 21 15:54:13 +0430 2021
Wed Jul 21 15:55:14 +0430 2021
Wed Jul 21 15:56:18 +0430 2021
Wed Jul 21 15:57:19 +0430 2021
Wed Jul 21 15:58:20 +0430 2021
Wed Jul 21 15:59:22 +0430 2021
Wed Jul 21 16:00:23 +0430 2021
Wed Jul 21 16:01:24 +0430 2021
Wed Jul 21 16:02:25 +0430 2021
Wed Jul 21 16:03:27 +0430 2021
Wed Jul 21 16:04:28 +0430 2021
Wed Jul 21 16:05:30 +0430 2021
Wed Jul 21 16:06:31 +0430 2021
Wed Jul 21 16:07:32 +0430 2021
Wed Jul 21 16:08:34 +0430 2021
Wed Jul 21 17:14:43 +0430 2021
Wed Jul 21 18:15:21 +0430 2021
Wed Jul 21 18:43:10 +0430 2021
Wed Jul 21 19:23:09 +0430 2021
Wed Jul 21 21:14:11 +0430 2021
Wed Jul 21 21:52:48 +0430 2021
Wed Jul 21 22:43:23 +0430 2021
Wed Jul 21 22:51:21 +0430 2021
Thu Jul 22 00:06:33 +0430 2021
Thu Jul 22 00:07:36 +0430 2021
Thu Jul 22 00:08:37 +0430 2021
Thu Jul 22 00:09:38 +0430 2021
Thu Jul 22 00:10:40 +0430 2021
Thu Jul 22 00:11:41 +0430 2021
Thu Jul 22 00:12:42 +0430 2021
Thu Jul 22 00:13:47 +0430 2021
Thu Jul 22 00:14:49 +0430 2021
Thu Jul 22 00:15:51 +0430 2021
Thu Jul 22 00:16:52 +0430 2021
Thu Jul 22 00:17:53 +0430 2021
Thu Jul 22 00:18:56 +0430 2021
Thu Jul 22 00:19:58 +0430 2021
Thu Jul 22 00:20:59 +0430 2021
Thu Jul 22 00:22:01 +0430 2021
Thu Jul 22 00:23:02 +0430 2021
Thu Jul 22 00:24:04 +0430 2021
Thu Jul 22 00:39:10 +0430 2021
Thu Jul 22 00:40:11 +0430 2021
Thu Jul 22 00:41:12 +0430 2021
Thu Jul 22 00:42:14 +0430 2021
Thu Jul 22 00:43:16 +0430 2021
Thu Jul 22 00:44:17 +0430 2021
Thu Jul 22 00:45:20 +0430 2021
Thu Jul 22 00:46:23 +0430 2021
Thu Jul 22 00:47:25 +0430 2021
Thu Jul 22 00:48:29 +0430 2021
Thu Jul 22 00:49:30 +0430 2021
Thu Jul 22 00:50:31 +0430 2021
Thu Jul 22 00:51:32 +0430 2021
Thu Jul 22 00:52:33 +0430 2021
Thu Jul 22 00:53:34 +0430 2021
Thu Jul 22 00:54:36 +0430 2021
Thu Jul 22 00:55:37 +0430 2021
Thu Jul 22 00:56:39 +0430 2021
Thu Jul 22 00:57:41 +0430 2021
Thu Jul 22 00:58:42 +0430 2021
Thu Jul 22 00:59:43 +0430 2021
Thu Jul 22 01:00:45 +0430 2021
Thu Jul 22 01:01:46 +0430 2021
Thu Jul 22 01:02:47 +0430 2021
Thu Jul 22 01:03:48 +0430 2021
Thu Jul 22 01:04:49 +0430 2021
Thu Jul 22 01:05:50 +0430 2021
Thu Jul 22 01:06:52 +0430 2021
Thu Jul 22 01:07:53 +0430 2021
Thu Jul 22 01:08:54 +0430 2021
Thu Jul 22 01:09:56 +0430 2021
Thu Jul 22 01:10:57 +0430 2021
Thu Jul 22 01:11:58 +0430 2021
Thu Jul 22 01:13:00 +0430 2021
Thu Jul 22 01:14:01 +0430 2021
Thu Jul 22 01:15:02 +0430 2021
Thu Jul 22 01:16:04 +0430 2021
Thu Jul 22 01:17:05 +0430 2021
Thu Jul 22 01:18:06 +0430 2021
Thu Jul 22 01:19:08 +0430 2021
Thu Jul 22 01:20:11 +0430 2021
Thu Jul 22 01:21:12 +0430 2021
Thu Jul 22 01:22:13 +0430 2021
Thu Jul 22 01:23:14 +0430 2021
Thu Jul 22 01:24:16 +0430 2021
Thu Jul 22 01:25:17 +0430 2021
Thu Jul 22 01:26:18 +0430 2021
Thu Jul 22 01:27:23 +0430 2021
Thu Jul 22 01:28:35 +0430 2021
Thu Jul 22 01:29:40 +0430 2021
Thu Jul 22 01:30:44 +0430 2021
Thu Jul 22 01:31:45 +0430 2021
Thu Jul 22 01:32:47 +0430 2021
Thu Jul 22 01:33:48 +0430 2021
Thu Jul 22 01:34:50 +0430 2021
Thu Jul 22 01:35:52 +0430 2021
Thu Jul 22 01:36:54 +0430 2021
Thu Jul 22 01:37:55 +0430 2021
Thu Jul 22 01:38:57 +0430 2021
Thu Jul 22 01:39:59 +0430 2021
Thu Jul 22 01:41:00 +0430 2021
Thu Jul 22 01:42:02 +0430 2021
Thu Jul 22 01:43:04 +0430 2021
Thu Jul 22 01:44:08 +0430 2021
Thu Jul 22 01:45:11 +0430 2021
Thu Jul 22 01:46:12 +0430 2021
Thu Jul 22 01:47:14 +0430 2021
Thu Jul 22 01:48:15 +0430 2021
Thu Jul 22 01:49:25 +0430 2021
Thu Jul 22 01:50:26 +0430 2021
Thu Jul 22 01:51:36 +0430 2021
Thu Jul 22 01:52:46 +0430 2021
Thu Jul 22 01:54:00 +0430 2021
Thu Jul 22 01:55:01 +0430 2021
Thu Jul 22 01:56:02 +0430 2021
Thu Jul 22 01:57:11 +0430 2021
Thu Jul 22 01:58:17 +0430 2021
Thu Jul 22 01:59:22 +0430 2021
Thu Jul 22 02:00:25 +0430 2021
Thu Jul 22 02:01:33 +0430 2021
Thu Jul 22 02:02:38 +0430 2021
Thu Jul 22 02:03:42 +0430 2021
Thu Jul 22 02:04:43 +0430 2021
Thu Jul 22 02:05:47 +0430 2021
Thu Jul 22 02:06:48 +0430 2021
Thu Jul 22 02:07:51 +0430 2021
Thu Jul 22 02:08:52 +0430 2021
Thu Jul 22 02:09:54 +0430 2021
Thu Jul 22 02:11:02 +0430 2021
Thu Jul 22 02:12:04 +0430 2021
Thu Jul 22 02:13:05 +0430 2021
Thu Jul 22 02:14:07 +0430 2021
Thu Jul 22 02:15:09 +0430 2021
Thu Jul 22 02:16:10 +0430 2021
Thu Jul 22 02:17:11 +0430 2021
Thu Jul 22 02:18:13 +0430 2021
Thu Jul 22 02:19:14 +0430 2021
Thu Jul 22 02:20:15 +0430 2021
Thu Jul 22 02:21:17 +0430 2021
Thu Jul 22 02:22:19 +0430 2021
Thu Jul 22 02:23:21 +0430 2021
Thu Jul 22 02:24:22 +0430 2021
Thu Jul 22 02:25:23 +0430 2021
Thu Jul 22 02:26:24 +0430 2021
Thu Jul 22 02:27:26 +0430 2021
Thu Jul 22 02:28:27 +0430 2021
Thu Jul 22 02:29:28 +0430 2021
Thu Jul 22 02:30:29 +0430 2021
Thu Jul 22 02:31:31 +0430 2021
Thu Jul 22 02:32:33 +0430 2021
Thu Jul 22 02:33:35 +0430 2021
Thu Jul 22 02:34:36 +0430 2021
Thu Jul 22 02:35:37 +0430 2021
Thu Jul 22 02:36:39 +0430 2021
Thu Jul 22 02:37:41 +0430 2021
Thu Jul 22 02:38:42 +0430 2021
Thu Jul 22 02:39:44 +0430 2021
Thu Jul 22 02:40:47 +0430 2021
Thu Jul 22 02:41:48 +0430 2021
Thu Jul 22 02:42:49 +0430 2021
Thu Jul 22 02:43:51 +0430 2021
Sat Jul 24 05:57:51 +0430 2021
Sat Jul 24 05:58:54 +0430 2021
Sat Jul 24 05:59:56 +0430 2021
Sat Jul 24 06:00:58 +0430 2021
Sat Jul 24 06:02:00 +0430 2021
Sat Jul 24 06:03:01 +0430 2021
Sat Jul 24 06:04:03 +0430 2021
Sat Jul 24 06:05:05 +0430 2021
Sat Jul 24 06:06:06 +0430 2021
Sat Jul 24 06:07:07 +0430 2021
Sat Jul 24 06:08:08 +0430 2021
Sat Jul 24 06:09:10 +0430 2021
Sat Jul 24 06:10:11 +0430 2021
Sat Jul 24 06:11:13 +0430 2021
Sat Jul 24 06:12:14 +0430 2021
Sat Jul 24 06:13:15 +0430 2021
Sat Jul 24 06:14:17 +0430 2021
Sat Jul 24 06:15:18 +0430 2021
Sat Jul 24 06:16:19 +0430 2021
Sat Jul 24 06:17:20 +0430 2021
Sat Jul 24 06:18:22 +0430 2021
Sat Jul 24 06:19:23 +0430 2021
Sat Jul 24 06:20:24 +0430 2021
Sat Jul 24 06:21:25 +0430 2021
Sat Jul 24 06:22:26 +0430 2021
Sat Jul 24 06:23:28 +0430 2021
Sat Jul 24 06:27:57 +0430 2021
Sat Jul 24 06:28:58 +0430 2021
Sat Jul 24 06:30:00 +0430 2021
Sat Jul 24 06:31:01 +0430 2021
Sat Jul 24 06:32:03 +0430 2021
Sat Jul 24 06:33:04 +0430 2021
Sat Jul 24 06:34:06 +0430 2021
Sat Jul 24 06:35:07 +0430 2021
Sat Jul 24 06:36:09 +0430 2021
Sat Jul 24 06:37:21 +0430 2021
Sat Jul 24 06:38:23 +0430 2021
Sat Jul 24 06:39:24 +0430 2021
Sat Jul 24 06:40:26 +0430 2021
Sat Jul 24 06:41:28 +0430 2021
Sat Jul 24 06:42:29 +0430 2021
Sat Jul 24 06:43:30 +0430 2021
Sat Jul 24 06:44:32 +0430 2021
Sat Jul 24 06:45:34 +0430 2021
Sat Jul 24 06:46:35 +0430 2021
Sat Jul 24 06:47:37 +0430 2021
Sat Jul 24 06:48:38 +0430 2021
Sat Jul 24 06:49:40 +0430 2021
Sat Jul 24 06:50:43 +0430 2021
Sat Jul 24 06:51:46 +0430 2021
Sat Jul 24 06:52:49 +0430 2021
Sat Jul 24 06:53:51 +0430 2021
Sat Jul 24 06:54:55 +0430 2021
Sat Jul 24 06:55:57 +0430 2021
Sat Jul 24 06:56:58 +0430 2021
Sat Jul 24 06:58:01 +0430 2021
Sat Jul 24 06:59:03 +0430 2021
Sat Jul 24 07:00:06 +0430 2021
Sat Jul 24 07:01:09 +0430 2021
Sat Jul 24 07:02:12 +0430 2021
Sat Jul 24 07:03:14 +0430 2021
Sat Jul 24 07:04:15 +0430 2021
Sat Jul 24 07:05:17 +0430 2021
Sat Jul 24 07:06:19 +0430 2021
Sat Jul 24 07:07:20 +0430 2021
Sat Jul 24 07:08:22 +0430 2021
Sat Jul 24 07:09:23 +0430 2021
Sat Jul 24 07:10:25 +0430 2021
Sat Jul 24 07:11:26 +0430 2021
Sat Jul 24 07:12:28 +0430 2021
Sat Jul 24 07:13:29 +0430 2021
Sat Jul 24 07:14:31 +0430 2021
Sat Jul 24 07:15:33 +0430 2021
Sat Jul 24 07:16:35 +0430 2021
Sat Jul 24 07:17:36 +0430 2021
Sat Jul 24 07:18:38 +0430 2021
Sat Jul 24 07:19:39 +0430 2021
Sat Jul 24 07:20:41 +0430 2021
Sat Jul 24 07:21:43 +0430 2021
Sat Jul 24 07:22:45 +0430 2021
Sat Jul 24 07:23:47 +0430 2021
Sat Jul 24 07:24:49 +0430 2021
Sat Jul 24 07:25:51 +0430 2021
Sat Jul 24 07:26:52 +0430 2021
Sat Jul 24 07:27:54 +0430 2021
Sat Jul 24 07:28:56 +0430 2021
Sat Jul 24 07:29:57 +0430 2021
Sat Jul 24 07:30:59 +0430 2021
Sat Jul 24 07:32:01 +0430 2021
Sat Jul 24 07:33:02 +0430 2021
Sat Jul 24 07:34:03 +0430 2021
Sat Jul 24 07:35:05 +0430 2021
Sat Jul 24 07:36:07 +0430 2021
Sat Jul 24 07:37:08 +0430 2021
Sat Jul 24 07:38:10 +0430 2021
Sat Jul 24 07:39:12 +0430 2021
Sat Jul 24 07:40:15 +0430 2021
Sat Jul 24 07:52:43 +0430 2021
Sat Jul 24 10:59:16 +0430 2021
Sat Jul 24 11:00:19 +0430 2021
Sat Jul 24 11:01:21 +0430 2021
Sat Jul 24 11:02:24 +0430 2021
Sat Jul 24 11:03:26 +0430 2021
Sat Jul 24 11:04:29 +0430 2021
Sat Jul 24 11:05:31 +0430 2021
Sat Jul 24 11:06:33 +0430 2021
Sat Jul 24 11:07:35 +0430 2021
Sat Jul 24 11:08:38 +0430 2021
Sat Jul 24 11:09:40 +0430 2021
Sat Jul 24 11:10:43 +0430 2021
Sat Jul 24 11:11:44 +0430 2021
Sat Jul 24 11:12:46 +0430 2021
Sat Jul 24 11:13:49 +0430 2021
Sat Jul 24 11:14:52 +0430 2021
Sat Jul 24 11:15:54 +0430 2021
Sat Jul 24 11:16:56 +0430 2021
Sat Jul 24 11:17:58 +0430 2021
Sat Jul 24 11:19:00 +0430 2021
Sat Jul 24 11:20:02 +0430 2021
Sat Jul 24 11:21:05 +0430 2021
Sat Jul 24 11:22:07 +0430 2021
Sat Jul 24 11:23:09 +0430 2021
Sat Jul 24 11:24:11 +0430 2021
Sat Jul 24 11:25:13 +0430 2021
Sat Jul 24 11:26:15 +0430 2021
Sat Jul 24 11:27:18 +0430 2021
Sat Jul 24 11:28:20 +0430 2021
Sat Jul 24 11:29:21 +0430 2021
Sat Jul 24 11:30:23 +0430 2021
Sat Jul 24 11:31:26 +0430 2021
Sat Jul 24 11:32:29 +0430 2021
Sat Jul 24 11:33:31 +0430 2021
Sat Jul 24 11:34:34 +0430 2021
Sat Jul 24 11:35:39 +0430 2021
Sat Jul 24 11:36:41 +0430 2021
Sat Jul 24 11:37:43 +0430 2021
Sat Jul 24 11:38:46 +0430 2021
Sat Jul 24 11:39:48 +0430 2021
Sat Jul 24 11:40:51 +0430 2021
Sat Jul 24 11:41:53 +0430 2021
Sat Jul 24 11:42:56 +0430 2021
Sat Jul 24 11:43:58 +0430 2021
Sat Jul 24 11:45:02 +0430 2021
Sat Jul 24 11:46:06 +0430 2021
Sat Jul 24 11:47:09 +0430 2021
Sat Jul 24 11:48:12 +0430 2021
Sat Jul 24 11:49:17 +0430 2021
Sat Jul 24 11:50:19 +0430 2021
Sat Jul 24 11:51:23 +0430 2021
Sat Jul 24 11:52:25 +0430 2021
Sat Jul 24 11:53:29 +0430 2021
Sat Jul 24 11:54:31 +0430 2021
Sat Jul 24 11:55:33 +0430 2021
Sat Jul 24 11:56:38 +0430 2021
Sat Jul 24 11:57:39 +0430 2021
Sat Jul 24 11:58:41 +0430 2021
Sat Jul 24 11:59:42 +0430 2021
Sat Jul 24 12:00:45 +0430 2021
Sat Jul 24 12:01:48 +0430 2021
Sat Jul 24 12:02:50 +0430 2021
Sat Jul 24 12:03:52 +0430 2021
Sat Jul 24 12:04:54 +0430 2021
Sat Jul 24 12:05:56 +0430 2021
Sat Jul 24 12:06:58 +0430 2021
Sat Jul 24 12:08:00 +0430 2021
Sat Jul 24 12:09:02 +0430 2021
Sat Jul 24 12:10:06 +0430 2021
Sat Jul 24 12:11:12 +0430 2021
Sat Jul 24 12:12:16 +0430 2021
Sat Jul 24 12:13:22 +0430 2021
Sat Jul 24 12:14:32 +0430 2021
Sat Jul 24 12:15:49 +0430 2021
Sat Jul 24 12:16:57 +0430 2021
Sat Jul 24 12:18:01 +0430 2021
Sat Jul 24 12:19:03 +0430 2021
Sat Jul 24 12:20:08 +0430 2021
Sat Jul 24 12:21:11 +0430 2021
Sat Jul 24 12:22:13 +0430 2021
Sat Jul 24 12:23:16 +0430 2021
Sat Jul 24 12:24:18 +0430 2021
Sat Jul 24 12:25:21 +0430 2021
Sat Jul 24 12:26:25 +0430 2021
Sat Jul 24 12:27:27 +0430 2021
Sat Jul 24 12:28:29 +0430 2021
Sat Jul 24 12:29:32 +0430 2021
Sat Jul 24 12:30:34 +0430 2021
Sat Jul 24 12:31:36 +0430 2021
Sat Jul 24 12:32:38 +0430 2021
Sat Jul 24 12:33:41 +0430 2021
Sat Jul 24 12:34:44 +0430 2021
Sat Jul 24 12:35:50 +0430 2021
Sat Jul 24 12:36:52 +0430 2021
Sat Jul 24 12:37:56 +0430 2021
Sat Jul 24 12:38:58 +0430 2021
Sat Jul 24 12:40:00 +0430 2021
Sat Jul 24 12:41:09 +0430 2021
Sat Jul 24 12:42:11 +0430 2021
Sat Jul 24 12:43:14 +0430 2021
Sat Jul 24 12:44:16 +0430 2021
Sat Jul 24 12:45:18 +0430 2021
Sat Jul 24 12:46:21 +0430 2021
Sat Jul 24 12:47:27 +0430 2021
Sat Jul 24 12:48:29 +0430 2021
Sat Jul 24 12:49:31 +0430 2021
Sat Jul 24 12:50:33 +0430 2021
Sat Jul 24 12:51:35 +0430 2021
Sat Jul 24 12:52:38 +0430 2021
Sat Jul 24 12:53:41 +0430 2021
Sat Jul 24 12:54:43 +0430 2021
Sat Jul 24 12:55:45 +0430 2021
Sat Jul 24 12:56:48 +0430 2021
Sat Jul 24 12:57:50 +0430 2021
Sat Jul 24 12:58:52 +0430 2021
Sat Jul 24 12:59:55 +0430 2021
Sat Jul 24 13:00:57 +0430 2021
Sat Jul 24 13:01:59 +0430 2021
Sat Jul 24 13:03:02 +0430 2021
Sat Jul 24 13:04:04 +0430 2021
Sat Jul 24 13:05:08 +0430 2021
Sat Jul 24 13:06:16 +0430 2021
Sat Jul 24 13:07:22 +0430 2021
Sat Jul 24 13:08:24 +0430 2021
Sat Jul 24 13:09:26 +0430 2021
Sat Jul 24 13:10:28 +0430 2021
Sat Jul 24 13:11:31 +0430 2021
Sat Jul 24 13:12:38 +0430 2021
Sat Jul 24 13:13:43 +0430 2021
Sat Jul 24 13:14:49 +0430 2021
Sat Jul 24 13:15:52 +0430 2021
Sat Jul 24 13:16:56 +0430 2021
Sat Jul 24 13:17:59 +0430 2021
Sat Jul 24 13:19:01 +0430 2021
Sat Jul 24 13:20:05 +0430 2021
Sat Jul 24 13:21:09 +0430 2021
Sat Jul 24 13:22:12 +0430 2021
Sat Jul 24 13:23:15 +0430 2021
Sat Jul 24 13:24:21 +0430 2021
Sat Jul 24 13:25:25 +0430 2021
Sat Jul 24 13:26:28 +0430 2021
Sat Jul 24 13:27:32 +0430 2021
Sat Jul 24 13:28:34 +0430 2021
Sat Jul 24 13:29:37 +0430 2021
Sat Jul 24 13:30:47 +0430 2021
Sat Jul 24 13:31:49 +0430 2021
Sat Jul 24 13:32:51 +0430 2021
Sat Jul 24 13:33:54 +0430 2021
Sat Jul 24 13:34:56 +0430 2021
Sat Jul 24 13:36:00 +0430 2021
Sat Jul 24 13:37:02 +0430 2021
Sat Jul 24 13:38:05 +0430 2021
Sat Jul 24 13:39:07 +0430 2021
Sat Jul 24 13:40:09 +0430 2021
Sat Jul 24 13:41:11 +0430 2021
Sat Jul 24 13:42:13 +0430 2021
Sat Jul 24 13:43:16 +0430 2021
Sat Jul 24 13:44:21 +0430 2021
Sat Jul 24 13:45:23 +0430 2021
Sat Jul 24 13:46:28 +0430 2021
Sat Jul 24 13:47:32 +0430 2021
Sat Jul 24 13:48:37 +0430 2021
Sat Jul 24 13:49:41 +0430 2021
Sat Jul 24 13:50:48 +0430 2021
Sat Jul 24 13:51:50 +0430 2021
Sat Jul 24 13:52:52 +0430 2021
Sat Jul 24 13:53:56 +0430 2021
Sat Jul 24 13:54:58 +0430 2021
Sat Jul 24 13:56:03 +0430 2021
Sat Jul 24 13:57:05 +0430 2021
Sat Jul 24 13:58:08 +0430 2021
Sat Jul 24 13:59:10 +0430 2021
Sat Jul 24 14:00:13 +0430 2021
Sat Jul 24 14:01:16 +0430 2021
Sat Jul 24 14:02:18 +0430 2021
Sat Jul 24 14:03:20 +0430 2021
Sat Jul 24 14:04:22 +0430 2021
Sat Jul 24 14:05:25 +0430 2021
Sat Jul 24 14:06:28 +0430 2021
Sat Jul 24 14:07:30 +0430 2021
Sat Jul 24 14:08:32 +0430 2021
Sat Jul 24 14:09:33 +0430 2021
Sat Jul 24 14:10:35 +0430 2021
Sat Jul 24 14:11:36 +0430 2021
Sat Jul 24 14:12:37 +0430 2021
Sat Jul 24 14:28:02 +0430 2021
Sat Jul 24 14:33:27 +0430 2021
Sat Jul 24 14:34:29 +0430 2021
Sat Jul 24 14:35:31 +0430 2021
Sat Jul 24 14:36:32 +0430 2021
Sat Jul 24 14:37:34 +0430 2021
Sat Jul 24 14:38:37 +0430 2021
Sat Jul 24 14:39:38 +0430 2021
Sat Jul 24 14:40:40 +0430 2021
Sat Jul 24 14:41:42 +0430 2021
Sat Jul 24 14:42:44 +0430 2021
Sat Jul 24 14:43:46 +0430 2021
Sat Jul 24 14:44:48 +0430 2021
Sat Jul 24 14:45:49 +0430 2021
Sat Jul 24 14:46:51 +0430 2021
Sat Jul 24 14:47:52 +0430 2021
Sat Jul 24 14:48:54 +0430 2021
Sat Jul 24 14:49:56 +0430 2021
Sat Jul 24 14:50:58 +0430 2021
Sat Jul 24 14:52:00 +0430 2021
Sat Jul 24 14:53:02 +0430 2021
Sat Jul 24 14:54:04 +0430 2021
Sat Jul 24 14:55:05 +0430 2021
Sat Jul 24 14:56:07 +0430 2021
Sat Jul 24 14:57:09 +0430 2021
Sat Jul 24 14:58:11 +0430 2021
Sat Jul 24 14:59:12 +0430 2021
Sat Jul 24 15:00:14 +0430 2021
Sat Jul 24 15:01:31 +0430 2021
Sat Jul 24 15:02:32 +0430 2021
Sat Jul 24 15:03:34 +0430 2021
Sat Jul 24 15:04:36 +0430 2021
Sat Jul 24 15:05:37 +0430 2021
Sat Jul 24 15:06:39 +0430 2021
Sat Jul 24 15:07:41 +0430 2021
Sat Jul 24 15:08:43 +0430 2021
Sat Jul 24 15:09:45 +0430 2021
Sat Jul 24 15:10:47 +0430 2021
Sat Jul 24 15:11:48 +0430 2021
Sat Jul 24 15:12:50 +0430 2021
Sat Jul 24 15:13:52 +0430 2021
Sat Jul 24 15:14:54 +0430 2021
Sat Jul 24 15:15:57 +0430 2021
Sat Jul 24 15:16:59 +0430 2021
Sat Jul 24 15:18:01 +0430 2021
Sat Jul 24 15:19:04 +0430 2021
Sat Jul 24 15:20:06 +0430 2021
Sat Jul 24 15:21:09 +0430 2021
Sat Jul 24 15:22:12 +0430 2021
Sat Jul 24 15:23:14 +0430 2021
Sat Jul 24 15:24:16 +0430 2021
Sat Jul 24 15:25:24 +0430 2021
Sat Jul 24 15:26:27 +0430 2021
Sat Jul 24 15:27:31 +0430 2021
Sat Jul 24 15:28:38 +0430 2021
Sat Jul 24 15:29:41 +0430 2021
Sat Jul 24 15:30:43 +0430 2021
Sat Jul 24 15:31:45 +0430 2021
Sat Jul 24 15:32:48 +0430 2021
Sat Jul 24 15:33:52 +0430 2021
Sat Jul 24 15:34:55 +0430 2021
Sat Jul 24 15:35:58 +0430 2021
Sat Jul 24 15:37:01 +0430 2021
Sat Jul 24 15:38:04 +0430 2021
Sat Jul 24 15:39:06 +0430 2021
Sat Jul 24 15:40:09 +0430 2021
Sat Jul 24 15:41:11 +0430 2021
Sat Jul 24 15:42:13 +0430 2021
Sat Jul 24 15:43:16 +0430 2021
Sat Jul 24 15:44:18 +0430 2021
Sat Jul 24 15:45:35 +0430 2021
Sat Jul 24 15:46:39 +0430 2021
Sat Jul 24 15:47:41 +0430 2021
Sat Jul 24 15:48:44 +0430 2021
Sat Jul 24 15:49:46 +0430 2021
Sat Jul 24 15:50:49 +0430 2021
Sat Jul 24 15:51:51 +0430 2021
Sat Jul 24 15:52:53 +0430 2021
Sat Jul 24 15:53:56 +0430 2021
Sat Jul 24 15:54:58 +0430 2021
Sat Jul 24 15:56:00 +0430 2021
Sat Jul 24 15:57:02 +0430 2021
Sat Jul 24 15:58:05 +0430 2021
Sat Jul 24 15:59:07 +0430 2021
Sat Jul 24 16:00:10 +0430 2021
Sat Jul 24 16:01:12 +0430 2021
Sat Jul 24 16:02:15 +0430 2021
Sat Jul 24 16:03:18 +0430 2021
Sat Jul 24 16:04:20 +0430 2021
Sat Jul 24 16:05:22 +0430 2021
Sat Jul 24 16:06:25 +0430 2021
Sat Jul 24 16:07:28 +0430 2021
Sat Jul 24 16:08:30 +0430 2021
Sat Jul 24 16:09:32 +0430 2021
Sat Jul 24 16:10:34 +0430 2021
Sat Jul 24 16:11:36 +0430 2021
Sat Jul 24 16:12:38 +0430 2021
Sat Jul 24 16:13:41 +0430 2021
Sat Jul 24 16:14:43 +0430 2021
Sat Jul 24 16:15:46 +0430 2021
Sat Jul 24 16:16:48 +0430 2021
Sat Jul 24 16:17:50 +0430 2021
Sat Jul 24 16:18:53 +0430 2021
Sat Jul 24 16:19:55 +0430 2021
Sat Jul 24 16:20:57 +0430 2021
Sat Jul 24 16:22:01 +0430 2021
Sat Jul 24 16:23:03 +0430 2021
Sat Jul 24 16:24:05 +0430 2021
Sat Jul 24 16:25:07 +0430 2021
Sat Jul 24 16:26:10 +0430 2021
Sat Jul 24 16:27:11 +0430 2021
Sat Jul 24 16:28:13 +0430 2021
Sat Jul 24 16:29:15 +0430 2021
Sat Jul 24 16:30:17 +0430 2021
Sat Jul 24 16:31:19 +0430 2021
Sat Jul 24 16:32:21 +0430 2021
Sat Jul 24 16:33:23 +0430 2021
Sat Jul 24 16:34:26 +0430 2021
Sat Jul 24 16:35:28 +0430 2021
Sat Jul 24 16:36:31 +0430 2021
Sat Jul 24 16:37:33 +0430 2021
Sat Jul 24 16:38:35 +0430 2021
Sat Jul 24 16:39:39 +0430 2021
Sat Jul 24 16:40:44 +0430 2021
Sat Jul 24 16:41:47 +0430 2021
Sat Jul 24 16:42:49 +0430 2021
Sat Jul 24 16:43:53 +0430 2021
Sat Jul 24 16:44:55 +0430 2021
Sat Jul 24 16:45:58 +0430 2021
Sat Jul 24 16:47:00 +0430 2021
Sat Jul 24 16:48:04 +0430 2021
Sat Jul 24 16:49:07 +0430 2021
Sat Jul 24 16:50:10 +0430 2021
Sat Jul 24 16:51:12 +0430 2021
Sat Jul 24 16:52:15 +0430 2021
Sat Jul 24 16:53:17 +0430 2021
Sat Jul 24 16:54:21 +0430 2021
Sat Jul 24 16:55:23 +0430 2021
Sat Jul 24 16:56:25 +0430 2021
Sat Jul 24 16:57:31 +0430 2021
Sat Jul 24 16:58:35 +0430 2021
Sat Jul 24 16:59:40 +0430 2021
Sat Jul 24 17:00:45 +0430 2021
Sat Jul 24 17:01:48 +0430 2021
Sat Jul 24 17:02:51 +0430 2021
Sat Jul 24 17:04:00 +0430 2021
Sat Jul 24 17:05:06 +0430 2021
Sat Jul 24 17:06:09 +0430 2021
Sat Jul 24 17:07:15 +0430 2021
Sat Jul 24 17:08:19 +0430 2021
Sat Jul 24 17:09:21 +0430 2021
Sat Jul 24 17:10:23 +0430 2021
Sat Jul 24 17:11:25 +0430 2021
Sat Jul 24 17:12:27 +0430 2021
Sat Jul 24 17:13:30 +0430 2021
Sat Jul 24 17:14:32 +0430 2021
Sat Jul 24 17:15:34 +0430 2021
Sat Jul 24 17:16:37 +0430 2021
Sat Jul 24 17:17:39 +0430 2021
Sat Jul 24 17:18:41 +0430 2021
Sat Jul 24 17:19:44 +0430 2021
Sat Jul 24 17:20:46 +0430 2021
Sat Jul 24 17:21:48 +0430 2021
Sat Jul 24 17:22:50 +0430 2021
Sat Jul 24 17:23:53 +0430 2021
Sat Jul 24 17:24:54 +0430 2021
Sat Jul 24 17:25:57 +0430 2021
Sat Jul 24 17:26:59 +0430 2021
Sat Jul 24 17:28:02 +0430 2021
Sat Jul 24 17:29:05 +0430 2021
Sat Jul 24 17:30:08 +0430 2021
Sat Jul 24 17:31:11 +0430 2021
Sat Jul 24 17:32:14 +0430 2021
Sat Jul 24 17:33:18 +0430 2021
Sat Jul 24 17:34:21 +0430 2021
Sat Jul 24 17:35:24 +0430 2021
Sat Jul 24 17:36:26 +0430 2021
Sat Jul 24 17:37:28 +0430 2021
Sat Jul 24 17:38:30 +0430 2021
Sat Jul 24 17:39:32 +0430 2021
Sat Jul 24 17:40:34 +0430 2021
Sat Jul 24 17:41:36 +0430 2021
Sat Jul 24 17:42:38 +0430 2021
Sat Jul 24 17:43:40 +0430 2021
Sat Jul 24 17:44:43 +0430 2021
Sat Jul 24 17:45:46 +0430 2021
Sat Jul 24 17:46:48 +0430 2021
Sat Jul 24 17:47:51 +0430 2021
Sat Jul 24 17:48:53 +0430 2021
Sat Jul 24 17:49:55 +0430 2021
Sat Jul 24 17:50:57 +0430 2021
Sat Jul 24 17:51:59 +0430 2021
Sat Jul 24 17:53:01 +0430 2021
Sat Jul 24 17:54:03 +0430 2021
Sat Jul 24 17:55:05 +0430 2021
Sat Jul 24 17:56:07 +0430 2021
Sat Jul 24 17:57:09 +0430 2021
Sat Jul 24 17:58:12 +0430 2021
Sat Jul 24 17:59:14 +0430 2021
Sat Jul 24 18:00:16 +0430 2021
Sat Jul 24 18:01:19 +0430 2021
Sat Jul 24 18:02:21 +0430 2021
Sat Jul 24 18:03:22 +0430 2021
Sat Jul 24 18:04:25 +0430 2021
Sat Jul 24 18:05:27 +0430 2021
Sat Jul 24 18:06:30 +0430 2021
Sat Jul 24 18:07:32 +0430 2021
Sat Jul 24 18:08:34 +0430 2021
Sat Jul 24 18:09:36 +0430 2021
Sat Jul 24 18:10:38 +0430 2021
Sat Jul 24 18:11:41 +0430 2021
Sat Jul 24 18:12:43 +0430 2021
Sat Jul 24 18:13:45 +0430 2021
Sat Jul 24 18:14:48 +0430 2021
Sat Jul 24 18:15:50 +0430 2021
Sat Jul 24 18:16:52 +0430 2021
Sat Jul 24 18:17:54 +0430 2021
Sat Jul 24 18:18:56 +0430 2021
Sat Jul 24 18:19:58 +0430 2021
Sat Jul 24 18:21:00 +0430 2021
Sat Jul 24 18:22:03 +0430 2021
Sat Jul 24 18:23:05 +0430 2021
Sat Jul 24 18:24:06 +0430 2021
Sat Jul 24 18:30:01 +0430 2021
Sat Jul 24 18:31:06 +0430 2021
Sat Jul 24 18:32:08 +0430 2021
Sat Jul 24 18:33:10 +0430 2021
Sat Jul 24 18:34:12 +0430 2021
Sat Jul 24 18:35:14 +0430 2021
Sat Jul 24 18:36:16 +0430 2021
Sat Jul 24 18:37:17 +0430 2021
Sat Jul 24 18:38:19 +0430 2021
Sat Jul 24 18:39:21 +0430 2021
Sat Jul 24 18:40:22 +0430 2021
Sat Jul 24 18:41:24 +0430 2021
Sat Jul 24 18:42:26 +0430 2021
Sat Jul 24 18:43:28 +0430 2021
Sat Jul 24 18:44:30 +0430 2021
Sat Jul 24 18:45:32 +0430 2021
Sat Jul 24 18:46:33 +0430 2021
Sat Jul 24 18:47:35 +0430 2021
Sat Jul 24 18:48:36 +0430 2021
Sat Jul 24 18:49:38 +0430 2021
Sat Jul 24 18:50:40 +0430 2021
Sat Jul 24 18:51:42 +0430 2021
Sat Jul 24 18:52:44 +0430 2021
Sat Jul 24 18:53:45 +0430 2021
Sat Jul 24 18:54:47 +0430 2021
Sat Jul 24 18:55:48 +0430 2021
Sat Jul 24 18:56:50 +0430 2021
Sat Jul 24 18:57:51 +0430 2021
Sat Jul 24 18:58:52 +0430 2021
Sat Jul 24 18:59:54 +0430 2021
Sat Jul 24 19:00:56 +0430 2021
Sat Jul 24 19:01:58 +0430 2021
Sat Jul 24 19:02:59 +0430 2021
Sat Jul 24 19:04:00 +0430 2021
Sat Jul 24 19:05:02 +0430 2021
Sat Jul 24 19:06:03 +0430 2021
Sat Jul 24 21:03:58 +0430 2021
Sat Jul 24 21:05:00 +0430 2021
Sat Jul 24 21:58:01 +0430 2021
Sat Jul 24 21:59:03 +0430 2021
Sat Jul 24 22:00:05 +0430 2021
Sat Jul 24 22:01:07 +0430 2021
Sat Jul 24 22:02:09 +0430 2021
Sat Jul 24 22:03:11 +0430 2021
Sat Jul 24 22:04:13 +0430 2021
Sat Jul 24 22:05:15 +0430 2021
Sat Jul 24 22:06:17 +0430 2021
Sat Jul 24 22:07:20 +0430 2021
Sat Jul 24 22:08:22 +0430 2021
Sat Jul 24 22:09:24 +0430 2021
Sat Jul 24 22:10:26 +0430 2021
Sat Jul 24 22:11:29 +0430 2021
Sat Jul 24 22:12:31 +0430 2021
Sat Jul 24 22:13:33 +0430 2021
Sat Jul 24 22:14:34 +0430 2021
Sat Jul 24 22:15:36 +0430 2021
Sat Jul 24 22:36:29 +0430 2021
Sat Jul 24 22:52:19 +0430 2021
Sun Jul 25 00:10:38 +0430 2021
Sun Jul 25 00:11:44 +0430 2021
Sun Jul 25 01:33:35 +0430 2021
Sun Jul 25 01:34:37 +0430 2021
Sun Jul 25 01:35:38 +0430 2021
Sun Jul 25 01:36:39 +0430 2021
Sun Jul 25 01:37:41 +0430 2021
Sun Jul 25 01:38:43 +0430 2021
Sun Jul 25 01:39:44 +0430 2021
Sun Jul 25 01:40:46 +0430 2021
Sun Jul 25 01:43:28 +0430 2021
Sun Jul 25 01:44:29 +0430 2021
Sun Jul 25 01:45:33 +0430 2021
Sun Jul 25 01:46:35 +0430 2021
Sun Jul 25 01:47:37 +0430 2021
Sun Jul 25 01:48:38 +0430 2021
Sun Jul 25 01:49:40 +0430 2021
Sun Jul 25 01:50:42 +0430 2021
Sun Jul 25 01:51:43 +0430 2021
Sun Jul 25 01:52:45 +0430 2021
Sun Jul 25 01:53:47 +0430 2021
Sun Jul 25 01:54:50 +0430 2021
Sun Jul 25 01:55:51 +0430 2021
Sun Jul 25 01:56:53 +0430 2021
Sun Jul 25 01:57:55 +0430 2021
Sun Jul 25 01:58:56 +0430 2021
Sun Jul 25 01:59:58 +0430 2021
Sun Jul 25 02:01:00 +0430 2021
Sun Jul 25 02:02:01 +0430 2021
Sun Jul 25 02:03:02 +0430 2021
Sun Jul 25 02:04:04 +0430 2021
Sun Jul 25 02:05:06 +0430 2021
Sun Jul 25 02:06:07 +0430 2021
Sun Jul 25 02:07:08 +0430 2021
Sun Jul 25 02:08:10 +0430 2021
Sun Jul 25 02:09:12 +0430 2021
Sun Jul 25 02:10:13 +0430 2021
Sun Jul 25 02:11:14 +0430 2021
Sun Jul 25 02:12:16 +0430 2021
Sun Jul 25 02:13:18 +0430 2021
Sun Jul 25 02:14:19 +0430 2021
Sun Jul 25 02:15:21 +0430 2021
Sun Jul 25 02:16:22 +0430 2021
Sun Jul 25 02:17:24 +0430 2021
Sun Jul 25 02:18:26 +0430 2021
Sun Jul 25 02:19:28 +0430 2021
Sun Jul 25 02:20:30 +0430 2021
Sun Jul 25 02:21:32 +0430 2021
Sun Jul 25 02:22:34 +0430 2021
Sun Jul 25 02:23:35 +0430 2021
Sun Jul 25 02:24:37 +0430 2021
Sun Jul 25 02:25:38 +0430 2021
Sun Jul 25 02:26:40 +0430 2021
Sun Jul 25 02:27:41 +0430 2021
Sun Jul 25 02:28:43 +0430 2021
Sun Jul 25 02:29:44 +0430 2021
Sun Jul 25 02:30:46 +0430 2021
Sun Jul 25 02:31:49 +0430 2021
Sun Jul 25 02:32:50 +0430 2021
Sun Jul 25 02:33:52 +0430 2021
Sun Jul 25 02:34:54 +0430 2021
Sun Jul 25 02:35:56 +0430 2021
Sun Jul 25 02:36:58 +0430 2021
Sun Jul 25 02:38:00 +0430 2021
Sun Jul 25 02:39:02 +0430 2021
Sun Jul 25 02:40:04 +0430 2021
Sun Jul 25 02:41:05 +0430 2021
Sun Jul 25 02:42:06 +0430 2021
Sun Jul 25 02:43:08 +0430 2021
Sun Jul 25 02:44:09 +0430 2021
Sun Jul 25 02:45:11 +0430 2021
Sun Jul 25 02:46:13 +0430 2021
Sun Jul 25 02:47:14 +0430 2021
Sun Jul 25 02:48:15 +0430 2021
Sun Jul 25 02:49:17 +0430 2021
Sun Jul 25 02:50:19 +0430 2021
Sun Jul 25 02:51:21 +0430 2021
Sun Jul 25 02:52:22 +0430 2021
Sun Jul 25 02:53:23 +0430 2021
Sun Jul 25 02:54:25 +0430 2021
Sun Jul 25 02:55:26 +0430 2021
Sun Jul 25 02:56:28 +0430 2021
Sun Jul 25 02:57:29 +0430 2021
Sun Jul 25 02:58:31 +0430 2021
Sun Jul 25 02:59:33 +0430 2021
Sun Jul 25 03:00:34 +0430 2021
Sun Jul 25 03:01:36 +0430 2021
Sun Jul 25 03:02:39 +0430 2021
Sun Jul 25 03:03:41 +0430 2021
Sun Jul 25 03:04:43 +0430 2021
Sun Jul 25 03:05:45 +0430 2021
Sun Jul 25 03:06:47 +0430 2021
Sun Jul 25 03:07:49 +0430 2021
Sun Jul 25 03:08:50 +0430 2021
Sun Jul 25 03:09:52 +0430 2021
Sun Jul 25 03:10:53 +0430 2021
Sun Jul 25 03:11:54 +0430 2021
Sun Jul 25 03:12:56 +0430 2021
Sun Jul 25 03:13:58 +0430 2021
Sun Jul 25 03:15:03 +0430 2021
Sun Jul 25 03:16:08 +0430 2021
Sun Jul 25 03:17:10 +0430 2021
Sun Jul 25 03:18:12 +0430 2021
Sun Jul 25 03:19:13 +0430 2021
Sun Jul 25 03:20:15 +0430 2021
Sun Jul 25 03:21:16 +0430 2021
Sun Jul 25 03:22:20 +0430 2021
Sun Jul 25 03:23:22 +0430 2021
Sun Jul 25 03:24:25 +0430 2021
Sun Jul 25 03:25:27 +0430 2021
Sun Jul 25 03:26:30 +0430 2021
Sun Jul 25 03:27:33 +0430 2021
Sun Jul 25 03:28:35 +0430 2021
Sun Jul 25 03:29:37 +0430 2021
Sun Jul 25 03:30:38 +0430 2021
Sun Jul 25 03:31:41 +0430 2021
Sun Jul 25 03:32:44 +0430 2021
Sun Jul 25 03:33:46 +0430 2021
Sun Jul 25 03:34:48 +0430 2021
Sun Jul 25 03:35:51 +0430 2021
Sun Jul 25 03:36:54 +0430 2021
Sun Jul 25 03:37:56 +0430 2021
Sun Jul 25 03:38:58 +0430 2021
Sun Jul 25 03:40:00 +0430 2021
Sun Jul 25 03:41:03 +0430 2021
Sun Jul 25 03:42:05 +0430 2021
Sun Jul 25 03:43:07 +0430 2021
Sun Jul 25 03:44:10 +0430 2021
Sun Jul 25 03:45:11 +0430 2021
Sun Jul 25 03:46:13 +0430 2021
Sun Jul 25 03:47:14 +0430 2021
Sun Jul 25 03:48:16 +0430 2021
Sun Jul 25 03:49:18 +0430 2021
Sun Jul 25 03:50:22 +0430 2021
Sun Jul 25 03:51:30 +0430 2021
Sun Jul 25 03:52:32 +0430 2021
Sun Jul 25 03:53:35 +0430 2021
Sun Jul 25 03:54:38 +0430 2021
Sun Jul 25 03:55:41 +0430 2021
Sun Jul 25 03:56:44 +0430 2021
Sun Jul 25 03:57:47 +0430 2021
Sun Jul 25 03:58:50 +0430 2021
Sun Jul 25 03:59:52 +0430 2021
Sun Jul 25 04:00:54 +0430 2021
Sun Jul 25 04:01:56 +0430 2021
Sun Jul 25 04:02:59 +0430 2021
Sun Jul 25 04:04:01 +0430 2021
Sun Jul 25 04:05:03 +0430 2021
Sun Jul 25 04:06:04 +0430 2021
Sun Jul 25 04:07:06 +0430 2021
Sun Jul 25 04:08:07 +0430 2021
Sun Jul 25 04:09:09 +0430 2021
Sun Jul 25 04:10:11 +0430 2021
Sun Jul 25 04:11:12 +0430 2021
Sun Jul 25 04:12:14 +0430 2021
Sun Jul 25 04:13:15 +0430 2021
Sun Jul 25 04:14:17 +0430 2021
Sun Jul 25 04:25:27 +0430 2021
Sun Jul 25 04:26:29 +0430 2021
Sun Jul 25 04:27:34 +0430 2021
Sun Jul 25 04:28:36 +0430 2021
Sun Jul 25 04:29:39 +0430 2021
Sun Jul 25 04:30:44 +0430 2021
Sun Jul 25 04:31:46 +0430 2021
Sun Jul 25 04:32:48 +0430 2021
Sun Jul 25 04:33:50 +0430 2021
Sun Jul 25 04:34:53 +0430 2021
Sun Jul 25 04:35:55 +0430 2021
Sun Jul 25 04:36:57 +0430 2021
Sun Jul 25 04:37:58 +0430 2021
Sun Jul 25 04:39:01 +0430 2021
Sun Jul 25 04:40:03 +0430 2021
Sun Jul 25 04:41:05 +0430 2021
Sun Jul 25 04:42:07 +0430 2021
Sun Jul 25 04:43:10 +0430 2021
Sun Jul 25 04:44:12 +0430 2021
Sun Jul 25 04:45:15 +0430 2021
Sun Jul 25 04:46:17 +0430 2021
Sun Jul 25 04:47:30 +0430 2021
Sun Jul 25 04:48:32 +0430 2021
Sun Jul 25 04:49:34 +0430 2021
Sun Jul 25 04:50:35 +0430 2021
Sun Jul 25 04:51:37 +0430 2021
Sun Jul 25 04:52:38 +0430 2021
Sun Jul 25 04:53:41 +0430 2021
Sun Jul 25 04:54:42 +0430 2021
Sun Jul 25 04:55:44 +0430 2021
Sun Jul 25 04:56:46 +0430 2021
Sun Jul 25 04:57:47 +0430 2021
Sun Jul 25 04:58:49 +0430 2021
Sun Jul 25 04:59:51 +0430 2021
Sun Jul 25 05:00:54 +0430 2021
Sun Jul 25 05:01:56 +0430 2021
Sun Jul 25 05:02:58 +0430 2021
Sun Jul 25 05:04:00 +0430 2021
Sun Jul 25 05:05:05 +0430 2021
Sun Jul 25 05:06:06 +0430 2021
Sun Jul 25 05:07:08 +0430 2021
Sun Jul 25 05:08:12 +0430 2021
Sun Jul 25 05:09:13 +0430 2021
Sun Jul 25 05:10:16 +0430 2021
Sun Jul 25 05:11:18 +0430 2021
Sun Jul 25 05:12:21 +0430 2021
Sun Jul 25 05:13:23 +0430 2021
Sun Jul 25 05:14:26 +0430 2021
Sun Jul 25 05:15:27 +0430 2021
Sun Jul 25 05:16:29 +0430 2021
Sun Jul 25 05:17:31 +0430 2021
Sun Jul 25 05:18:33 +0430 2021
Sun Jul 25 05:19:36 +0430 2021
Sun Jul 25 05:20:38 +0430 2021
Sun Jul 25 05:21:40 +0430 2021
Sun Jul 25 05:22:41 +0430 2021
Sun Jul 25 05:23:43 +0430 2021
Sun Jul 25 05:24:45 +0430 2021
Sun Jul 25 05:25:47 +0430 2021
Sun Jul 25 05:26:49 +0430 2021
Sun Jul 25 05:27:51 +0430 2021
Sun Jul 25 05:28:52 +0430 2021
Sun Jul 25 05:29:53 +0430 2021
Sun Jul 25 05:30:54 +0430 2021
Sun Jul 25 05:31:56 +0430 2021
Sun Jul 25 05:32:58 +0430 2021
Sun Jul 25 05:34:00 +0430 2021
Sun Jul 25 05:35:02 +0430 2021
Sun Jul 25 05:36:04 +0430 2021
Sun Jul 25 05:37:05 +0430 2021
Sun Jul 25 05:38:07 +0430 2021
Sun Jul 25 05:39:09 +0430 2021
Sun Jul 25 05:40:10 +0430 2021
Sun Jul 25 05:41:11 +0430 2021
Sun Jul 25 05:42:13 +0430 2021
Sun Jul 25 05:43:15 +0430 2021
Sun Jul 25 05:44:17 +0430 2021
Sun Jul 25 05:45:19 +0430 2021
Sun Jul 25 05:46:21 +0430 2021
Sun Jul 25 05:47:22 +0430 2021
Sun Jul 25 05:48:24 +0430 2021
Sun Jul 25 05:49:26 +0430 2021
Sun Jul 25 05:50:27 +0430 2021
Sun Jul 25 05:51:28 +0430 2021
Sun Jul 25 05:52:30 +0430 2021
Sun Jul 25 05:53:31 +0430 2021
Sun Jul 25 05:54:33 +0430 2021
Sun Jul 25 05:55:34 +0430 2021
Sun Jul 25 05:56:36 +0430 2021
Sun Jul 25 05:57:37 +0430 2021
Sun Jul 25 05:58:39 +0430 2021
Sun Jul 25 05:59:40 +0430 2021
Sun Jul 25 06:00:41 +0430 2021
Sun Jul 25 06:01:43 +0430 2021
Sun Jul 25 06:02:44 +0430 2021
Sun Jul 25 06:03:46 +0430 2021
Sun Jul 25 06:04:47 +0430 2021
Sun Jul 25 06:05:48 +0430 2021
Sun Jul 25 06:06:52 +0430 2021
Sun Jul 25 06:07:56 +0430 2021
Sun Jul 25 06:08:58 +0430 2021
Sun Jul 25 06:10:00 +0430 2021
Sun Jul 25 06:11:02 +0430 2021
Sun Jul 25 06:12:05 +0430 2021
Sun Jul 25 06:13:08 +0430 2021
Sun Jul 25 06:14:09 +0430 2021
Sun Jul 25 06:15:12 +0430 2021
Sun Jul 25 06:16:13 +0430 2021
Sun Jul 25 06:17:15 +0430 2021
Sun Jul 25 06:18:19 +0430 2021
Sun Jul 25 06:19:21 +0430 2021
Sun Jul 25 06:20:24 +0430 2021
Sun Jul 25 06:21:26 +0430 2021
Sun Jul 25 06:22:27 +0430 2021
Sun Jul 25 06:23:30 +0430 2021
Sun Jul 25 06:24:31 +0430 2021
Sun Jul 25 06:25:33 +0430 2021
Sun Jul 25 06:26:35 +0430 2021
Sun Jul 25 06:27:36 +0430 2021
Sun Jul 25 06:28:40 +0430 2021
Sun Jul 25 06:29:50 +0430 2021
Sun Jul 25 06:30:53 +0430 2021
Sun Jul 25 06:31:55 +0430 2021
Sun Jul 25 06:32:57 +0430 2021
Sun Jul 25 06:34:00 +0430 2021
Sun Jul 25 06:35:02 +0430 2021
Sun Jul 25 06:36:06 +0430 2021
Sun Jul 25 06:37:08 +0430 2021
Sun Jul 25 06:38:12 +0430 2021
Sun Jul 25 06:39:14 +0430 2021
Sun Jul 25 06:40:18 +0430 2021
Sun Jul 25 06:41:25 +0430 2021
Sun Jul 25 06:42:32 +0430 2021
Sun Jul 25 06:43:37 +0430 2021
Sun Jul 25 06:44:39 +0430 2021
Sun Jul 25 06:45:43 +0430 2021
Sun Jul 25 06:46:47 +0430 2021
Sun Jul 25 06:47:49 +0430 2021
Sun Jul 25 06:48:52 +0430 2021
Sun Jul 25 06:49:54 +0430 2021
Sun Jul 25 06:50:56 +0430 2021
Sun Jul 25 06:51:58 +0430 2021
Sun Jul 25 06:53:01 +0430 2021
Sun Jul 25 06:54:04 +0430 2021
Sun Jul 25 06:55:07 +0430 2021
Sun Jul 25 06:56:08 +0430 2021
Sun Jul 25 06:57:09 +0430 2021
Sun Jul 25 06:58:12 +0430 2021
Sun Jul 25 06:59:14 +0430 2021
Sun Jul 25 07:00:16 +0430 2021
Sun Jul 25 07:01:19 +0430 2021
Sun Jul 25 07:02:20 +0430 2021
Sun Jul 25 07:03:21 +0430 2021
Sun Jul 25 07:04:24 +0430 2021
Sun Jul 25 07:05:27 +0430 2021
Sun Jul 25 07:06:30 +0430 2021
Sun Jul 25 07:07:31 +0430 2021
Sun Jul 25 07:08:37 +0430 2021
Sun Jul 25 07:09:40 +0430 2021
Sun Jul 25 07:10:46 +0430 2021
Sun Jul 25 07:11:48 +0430 2021
Sun Jul 25 07:12:51 +0430 2021
Sun Jul 25 07:13:52 +0430 2021
Sun Jul 25 07:14:55 +0430 2021
Sun Jul 25 07:16:01 +0430 2021
Sun Jul 25 07:17:04 +0430 2021
Sun Jul 25 07:18:06 +0430 2021
Sun Jul 25 07:19:10 +0430 2021
Sun Jul 25 07:20:15 +0430 2021
Sun Jul 25 07:21:17 +0430 2021
Sun Jul 25 07:22:21 +0430 2021
Sun Jul 25 07:23:23 +0430 2021
Sun Jul 25 07:24:25 +0430 2021
Sun Jul 25 07:25:28 +0430 2021
Sun Jul 25 07:26:30 +0430 2021
Sun Jul 25 07:27:33 +0430 2021
Sun Jul 25 07:28:34 +0430 2021
Sun Jul 25 07:29:37 +0430 2021
Sun Jul 25 07:30:39 +0430 2021
Sun Jul 25 07:31:40 +0430 2021
Sun Jul 25 07:32:42 +0430 2021
Sun Jul 25 07:33:44 +0430 2021
Sun Jul 25 07:34:47 +0430 2021
Sun Jul 25 07:35:51 +0430 2021
Sun Jul 25 07:36:53 +0430 2021
Sun Jul 25 07:37:56 +0430 2021
Sun Jul 25 07:38:58 +0430 2021
Sun Jul 25 07:40:00 +0430 2021
Sun Jul 25 07:41:02 +0430 2021
Sun Jul 25 07:42:04 +0430 2021
Sun Jul 25 07:43:06 +0430 2021
Sun Jul 25 07:44:08 +0430 2021
Sun Jul 25 07:45:09 +0430 2021
Sun Jul 25 07:46:11 +0430 2021
Sun Jul 25 07:47:13 +0430 2021
Sun Jul 25 07:48:15 +0430 2021
Sun Jul 25 07:49:16 +0430 2021
Sun Jul 25 07:50:18 +0430 2021
Sun Jul 25 07:51:20 +0430 2021
Sun Jul 25 07:52:22 +0430 2021
Sun Jul 25 07:53:24 +0430 2021
Sun Jul 25 07:54:25 +0430 2021
Sun Jul 25 07:55:27 +0430 2021
Sun Jul 25 07:56:30 +0430 2021
Sun Jul 25 07:57:32 +0430 2021
Sun Jul 25 07:58:35 +0430 2021
Sun Jul 25 07:59:37 +0430 2021
Sun Jul 25 08:00:39 +0430 2021
Sun Jul 25 08:01:41 +0430 2021
Sun Jul 25 08:02:43 +0430 2021
Sun Jul 25 08:03:44 +0430 2021
Sun Jul 25 08:04:46 +0430 2021
Sun Jul 25 08:05:48 +0430 2021
Sun Jul 25 08:06:50 +0430 2021
Sun Jul 25 08:07:53 +0430 2021
Sun Jul 25 08:08:57 +0430 2021
Sun Jul 25 08:09:59 +0430 2021
Sun Jul 25 08:11:01 +0430 2021
Sun Jul 25 08:12:02 +0430 2021
Sun Jul 25 08:13:04 +0430 2021
Sun Jul 25 08:14:07 +0430 2021
Sun Jul 25 08:15:09 +0430 2021
Sun Jul 25 08:16:10 +0430 2021
Sun Jul 25 08:17:12 +0430 2021
Sun Jul 25 08:18:14 +0430 2021
Sun Jul 25 08:19:15 +0430 2021
Sun Jul 25 08:20:17 +0430 2021
Sun Jul 25 08:21:18 +0430 2021
Sun Jul 25 08:22:20 +0430 2021
Sun Jul 25 08:23:22 +0430 2021
Sun Jul 25 08:24:23 +0430 2021
Sun Jul 25 08:25:25 +0430 2021
Sun Jul 25 08:26:26 +0430 2021
Sun Jul 25 08:27:27 +0430 2021
Sun Jul 25 08:28:29 +0430 2021
Sun Jul 25 08:59:23 +0430 2021
Sun Jul 25 09:00:25 +0430 2021
Sun Jul 25 09:01:28 +0430 2021
Sun Jul 25 09:02:31 +0430 2021
Sun Jul 25 09:03:32 +0430 2021
Sun Jul 25 09:04:35 +0430 2021
Sun Jul 25 09:06:04 +0430 2021
Sun Jul 25 09:07:30 +0430 2021
Sun Jul 25 09:08:54 +0430 2021
Sun Jul 25 09:10:20 +0430 2021
Sun Jul 25 09:11:43 +0430 2021
Sun Jul 25 09:13:06 +0430 2021
Sun Jul 25 09:14:29 +0430 2021
Sun Jul 25 09:15:55 +0430 2021
Sun Jul 25 09:17:19 +0430 2021
Sun Jul 25 09:18:43 +0430 2021
Sun Jul 25 09:20:05 +0430 2021
Sun Jul 25 09:21:28 +0430 2021
Sun Jul 25 09:22:51 +0430 2021
Sun Jul 25 09:24:14 +0430 2021
Sun Jul 25 09:25:42 +0430 2021
Sun Jul 25 09:27:04 +0430 2021
Sun Jul 25 09:28:25 +0430 2021
Sun Jul 25 09:29:48 +0430 2021
Sun Jul 25 09:31:08 +0430 2021
Sun Jul 25 09:32:31 +0430 2021
Sun Jul 25 09:33:54 +0430 2021
Sun Jul 25 09:35:16 +0430 2021
Sun Jul 25 09:36:37 +0430 2021
Sun Jul 25 09:37:58 +0430 2021
Sun Jul 25 09:39:19 +0430 2021
Sun Jul 25 09:40:42 +0430 2021
Sun Jul 25 09:42:03 +0430 2021
Sun Jul 25 09:43:25 +0430 2021
Sun Jul 25 09:44:46 +0430 2021
Sun Jul 25 09:46:10 +0430 2021
Sun Jul 25 09:47:34 +0430 2021
Sun Jul 25 09:48:57 +0430 2021
Sun Jul 25 09:50:21 +0430 2021
Sun Jul 25 09:51:44 +0430 2021
Sun Jul 25 09:53:08 +0430 2021
Sun Jul 25 09:54:32 +0430 2021
Sun Jul 25 09:55:58 +0430 2021
Sun Jul 25 09:57:23 +0430 2021
Sun Jul 25 09:58:46 +0430 2021
Sun Jul 25 10:00:11 +0430 2021
Sun Jul 25 10:01:35 +0430 2021
Sun Jul 25 10:02:58 +0430 2021
Sun Jul 25 10:04:23 +0430 2021
Sun Jul 25 10:05:48 +0430 2021
Sun Jul 25 10:07:09 +0430 2021
Sun Jul 25 10:08:31 +0430 2021
Sun Jul 25 10:09:54 +0430 2021
Sun Jul 25 10:11:16 +0430 2021
Sun Jul 25 10:12:39 +0430 2021
Sun Jul 25 10:14:03 +0430 2021
Sun Jul 25 10:15:24 +0430 2021
Sun Jul 25 10:16:46 +0430 2021
Sun Jul 25 10:18:06 +0430 2021
Sun Jul 25 10:19:25 +0430 2021
Sun Jul 25 10:20:47 +0430 2021
Sun Jul 25 10:22:08 +0430 2021
Sun Jul 25 10:23:29 +0430 2021
Sun Jul 25 10:24:51 +0430 2021
Sun Jul 25 10:26:11 +0430 2021
Sun Jul 25 10:27:34 +0430 2021
Sun Jul 25 10:28:56 +0430 2021
Sun Jul 25 10:30:17 +0430 2021
Sun Jul 25 10:31:37 +0430 2021
Sun Jul 25 10:32:58 +0430 2021
Sun Jul 25 10:34:19 +0430 2021
Sun Jul 25 10:35:43 +0430 2021
Sun Jul 25 10:37:05 +0430 2021
Sun Jul 25 10:38:28 +0430 2021
Sun Jul 25 10:39:50 +0430 2021
Sun Jul 25 10:41:12 +0430 2021
Sun Jul 25 10:42:35 +0430 2021
Sun Jul 25 10:43:58 +0430 2021
Sun Jul 25 10:45:02 +0430 2021
Sun Jul 25 10:46:04 +0430 2021
Sun Jul 25 10:47:06 +0430 2021
Sun Jul 25 10:48:07 +0430 2021
Sun Jul 25 10:49:09 +0430 2021
Sun Jul 25 10:50:11 +0430 2021
Sun Jul 25 10:51:13 +0430 2021
Sun Jul 25 10:52:15 +0430 2021
Sun Jul 25 10:53:16 +0430 2021
Sun Jul 25 10:54:18 +0430 2021
Sun Jul 25 10:55:19 +0430 2021
Sun Jul 25 10:56:21 +0430 2021
Sun Jul 25 10:57:22 +0430 2021
Sun Jul 25 10:58:26 +0430 2021
Sun Jul 25 10:59:27 +0430 2021
Sun Jul 25 11:00:29 +0430 2021
Sun Jul 25 11:01:30 +0430 2021
Sun Jul 25 11:02:32 +0430 2021
Sun Jul 25 11:03:33 +0430 2021
Sun Jul 25 11:04:35 +0430 2021
Sun Jul 25 11:05:37 +0430 2021
Sun Jul 25 11:06:38 +0430 2021
Sun Jul 25 11:07:40 +0430 2021
Sun Jul 25 11:08:41 +0430 2021
Sun Jul 25 11:09:43 +0430 2021
Sun Jul 25 11:24:45 +0430 2021
Sun Jul 25 11:29:22 +0430 2021
Sun Jul 25 11:30:23 +0430 2021
Sun Jul 25 11:31:26 +0430 2021
Sun Jul 25 11:32:28 +0430 2021
Sun Jul 25 11:33:29 +0430 2021
Sun Jul 25 11:34:31 +0430 2021
Sun Jul 25 11:35:32 +0430 2021
Sun Jul 25 11:36:34 +0430 2021
Sun Jul 25 11:37:36 +0430 2021
Sun Jul 25 11:38:38 +0430 2021
Sun Jul 25 11:39:40 +0430 2021
Sun Jul 25 11:46:11 +0430 2021
Sun Jul 25 11:47:16 +0430 2021
Sun Jul 25 11:48:24 +0430 2021
Sun Jul 25 11:49:28 +0430 2021
Sun Jul 25 11:50:30 +0430 2021
Sun Jul 25 11:51:32 +0430 2021
Sun Jul 25 11:52:35 +0430 2021
Sun Jul 25 11:53:36 +0430 2021
Sun Jul 25 11:54:39 +0430 2021
Sun Jul 25 11:55:41 +0430 2021
Sun Jul 25 11:56:43 +0430 2021
Sun Jul 25 11:57:46 +0430 2021
Sun Jul 25 11:58:48 +0430 2021
Sun Jul 25 11:59:50 +0430 2021
Sun Jul 25 12:00:53 +0430 2021
Sun Jul 25 12:01:54 +0430 2021
Sun Jul 25 12:02:57 +0430 2021
Sun Jul 25 12:03:59 +0430 2021
Sun Jul 25 12:05:01 +0430 2021
Sun Jul 25 12:06:03 +0430 2021
Sun Jul 25 12:07:05 +0430 2021
Sun Jul 25 12:08:08 +0430 2021
Sun Jul 25 12:09:10 +0430 2021
Sun Jul 25 12:10:14 +0430 2021
Sun Jul 25 12:11:17 +0430 2021
Sun Jul 25 12:12:18 +0430 2021
Sun Jul 25 12:13:21 +0430 2021
Sun Jul 25 12:14:23 +0430 2021
Sun Jul 25 12:15:25 +0430 2021
Sun Jul 25 12:16:30 +0430 2021
Sun Jul 25 12:17:34 +0430 2021
Sun Jul 25 12:18:35 +0430 2021
Sun Jul 25 12:19:40 +0430 2021
Sun Jul 25 12:20:49 +0430 2021
Sun Jul 25 12:21:53 +0430 2021
Sun Jul 25 12:22:59 +0430 2021
Sun Jul 25 12:24:03 +0430 2021
Sun Jul 25 12:25:05 +0430 2021
Sun Jul 25 12:26:07 +0430 2021
Sun Jul 25 12:27:10 +0430 2021
Sun Jul 25 12:28:11 +0430 2021
Sun Jul 25 12:29:13 +0430 2021
Sun Jul 25 12:30:15 +0430 2021
Sun Jul 25 12:31:16 +0430 2021
Sun Jul 25 12:32:19 +0430 2021
Sun Jul 25 12:33:21 +0430 2021
Sun Jul 25 12:34:23 +0430 2021
Sun Jul 25 12:35:24 +0430 2021
Sun Jul 25 12:36:25 +0430 2021
Sun Jul 25 12:37:27 +0430 2021
Sun Jul 25 12:45:30 +0430 2021
Sun Jul 25 12:49:11 +0430 2021
Sun Jul 25 12:51:50 +0430 2021
Sun Jul 25 12:52:52 +0430 2021
Sun Jul 25 12:53:55 +0430 2021
Sun Jul 25 12:54:57 +0430 2021
Sun Jul 25 12:55:59 +0430 2021
Sun Jul 25 12:57:01 +0430 2021
Sun Jul 25 12:58:02 +0430 2021
Sun Jul 25 12:59:04 +0430 2021
Sun Jul 25 13:00:06 +0430 2021
Sun Jul 25 13:01:07 +0430 2021
Sun Jul 25 13:02:09 +0430 2021
Sun Jul 25 13:03:11 +0430 2021
Sun Jul 25 13:04:12 +0430 2021
Sun Jul 25 13:05:14 +0430 2021
Sun Jul 25 13:06:15 +0430 2021
Sun Jul 25 13:07:17 +0430 2021
Sun Jul 25 13:08:19 +0430 2021
Sun Jul 25 13:09:20 +0430 2021
Sun Jul 25 13:10:22 +0430 2021
Sun Jul 25 13:11:24 +0430 2021
Sun Jul 25 13:12:25 +0430 2021
Sun Jul 25 13:13:27 +0430 2021
Sun Jul 25 13:14:30 +0430 2021
Sun Jul 25 13:15:31 +0430 2021
Sun Jul 25 13:16:32 +0430 2021
Sun Jul 25 13:17:34 +0430 2021
Sun Jul 25 13:18:35 +0430 2021
Sun Jul 25 13:21:41 +0430 2021
Sun Jul 25 13:22:46 +0430 2021
Sun Jul 25 13:24:00 +0430 2021
Sun Jul 25 13:25:03 +0430 2021
Sun Jul 25 13:26:06 +0430 2021
Sun Jul 25 13:27:08 +0430 2021
Sun Jul 25 13:28:11 +0430 2021
Sun Jul 25 13:29:13 +0430 2021
Sun Jul 25 13:30:15 +0430 2021
Sun Jul 25 13:31:17 +0430 2021
Sun Jul 25 13:32:20 +0430 2021
Sun Jul 25 13:33:22 +0430 2021
Sun Jul 25 13:34:24 +0430 2021
Sun Jul 25 13:35:27 +0430 2021
Sun Jul 25 13:36:29 +0430 2021
Sun Jul 25 13:37:31 +0430 2021
Sun Jul 25 13:38:32 +0430 2021
Sun Jul 25 13:39:34 +0430 2021
Sun Jul 25 13:40:35 +0430 2021
Sun Jul 25 13:41:37 +0430 2021
Sun Jul 25 13:42:39 +0430 2021
Sun Jul 25 13:43:40 +0430 2021
Sun Jul 25 13:44:41 +0430 2021
Sun Jul 25 13:45:43 +0430 2021
Sun Jul 25 13:46:44 +0430 2021
Sun Jul 25 13:47:46 +0430 2021
Sun Jul 25 13:48:47 +0430 2021
Sun Jul 25 13:49:49 +0430 2021
Sun Jul 25 13:50:50 +0430 2021
Sun Jul 25 13:51:52 +0430 2021
Sun Jul 25 13:52:53 +0430 2021
Sun Jul 25 13:53:54 +0430 2021
Sun Jul 25 13:54:56 +0430 2021
Sun Jul 25 13:55:58 +0430 2021
Sun Jul 25 13:56:59 +0430 2021
Sun Jul 25 13:58:01 +0430 2021
Sun Jul 25 13:59:04 +0430 2021
Sun Jul 25 14:00:06 +0430 2021
Sun Jul 25 14:01:08 +0430 2021
Sun Jul 25 14:02:10 +0430 2021
Sun Jul 25 14:03:12 +0430 2021
Sun Jul 25 14:04:15 +0430 2021
Sun Jul 25 14:05:16 +0430 2021
Sun Jul 25 14:06:17 +0430 2021
Sun Jul 25 14:07:19 +0430 2021
Sun Jul 25 14:08:21 +0430 2021
Sun Jul 25 14:09:23 +0430 2021
Sun Jul 25 14:10:25 +0430 2021
Sun Jul 25 14:11:26 +0430 2021
Sun Jul 25 14:12:28 +0430 2021
Sun Jul 25 14:13:29 +0430 2021
Sun Jul 25 14:14:31 +0430 2021
Sun Jul 25 14:15:32 +0430 2021
Sun Jul 25 14:19:43 +0430 2021
Sun Jul 25 14:20:45 +0430 2021
Sun Jul 25 14:21:47 +0430 2021
Sun Jul 25 14:22:48 +0430 2021
Sun Jul 25 14:23:50 +0430 2021
Sun Jul 25 14:24:52 +0430 2021
Sun Jul 25 14:25:54 +0430 2021
Sun Jul 25 14:26:57 +0430 2021
Sun Jul 25 14:28:03 +0430 2021
Sun Jul 25 14:29:05 +0430 2021
Tue Aug 10 16:46:14 +0430 2021
Tue Aug 10 16:47:17 +0430 2021
Tue Aug 10 16:48:20 +0430 2021
Tue Aug 10 16:49:23 +0430 2021
Tue Aug 10 16:50:25 +0430 2021
Tue Aug 10 16:51:27 +0430 2021
Tue Aug 10 16:52:30 +0430 2021
Tue Aug 10 16:53:32 +0430 2021
Tue Aug 10 16:54:34 +0430 2021
Tue Aug 10 16:55:34 +0430 2021
Tue Aug 10 16:56:34 +0430 2021
Tue Aug 10 16:57:34 +0430 2021
Tue Aug 10 16:58:36 +0430 2021
Tue Aug 10 16:59:37 +0430 2021
Tue Aug 10 17:00:39 +0430 2021
Tue Aug 10 17:01:41 +0430 2021
Tue Aug 10 17:02:43 +0430 2021
Tue Aug 10 17:03:44 +0430 2021
Tue Aug 10 17:04:46 +0430 2021
Tue Aug 10 17:05:47 +0430 2021
Tue Aug 10 17:06:48 +0430 2021
Tue Aug 10 17:11:57 +0430 2021
Tue Aug 10 17:12:58 +0430 2021
Tue Aug 10 17:14:00 +0430 2021
Tue Aug 10 17:15:02 +0430 2021
Tue Aug 10 17:16:04 +0430 2021
Tue Aug 10 17:17:05 +0430 2021
Tue Aug 10 17:18:07 +0430 2021
Tue Aug 10 17:19:08 +0430 2021
Tue Aug 10 17:20:09 +0430 2021
Tue Aug 10 17:21:11 +0430 2021
Tue Aug 10 17:22:12 +0430 2021
Tue Aug 10 17:23:13 +0430 2021
Tue Aug 10 17:24:15 +0430 2021
Tue Aug 10 17:25:17 +0430 2021
Tue Aug 10 17:26:18 +0430 2021
Tue Aug 10 17:27:20 +0430 2021
Tue Aug 10 17:28:22 +0430 2021
Tue Aug 10 17:29:24 +0430 2021
Tue Aug 10 17:30:25 +0430 2021
Tue Aug 10 17:31:27 +0430 2021
Tue Aug 10 17:32:28 +0430 2021
Tue Aug 10 17:33:30 +0430 2021
Tue Aug 10 17:34:31 +0430 2021
Tue Aug 10 17:35:33 +0430 2021
Tue Aug 10 17:36:34 +0430 2021
Tue Aug 10 17:37:36 +0430 2021
Tue Aug 10 17:38:37 +0430 2021
Tue Aug 10 17:39:39 +0430 2021
Tue Aug 10 17:40:41 +0430 2021
Tue Aug 10 17:41:43 +0430 2021
Tue Aug 10 17:42:44 +0430 2021
Tue Aug 10 17:43:45 +0430 2021
Tue Aug 10 17:44:47 +0430 2021
Tue Aug 10 17:45:48 +0430 2021
Tue Aug 10 17:46:49 +0430 2021
Tue Aug 10 17:47:51 +0430 2021
Tue Aug 10 17:48:53 +0430 2021
Tue Aug 10 17:49:55 +0430 2021
Tue Aug 10 17:50:56 +0430 2021
Tue Aug 10 17:51:58 +0430 2021
Tue Aug 10 17:52:59 +0430 2021
Tue Aug 10 17:54:01 +0430 2021
Tue Aug 10 17:55:02 +0430 2021
Tue Aug 10 17:56:04 +0430 2021
Tue Aug 10 17:57:05 +0430 2021
Tue Aug 10 17:58:07 +0430 2021
Tue Aug 10 17:59:09 +0430 2021
Tue Aug 10 18:00:11 +0430 2021
Tue Aug 10 18:01:12 +0430 2021
Tue Aug 10 18:02:14 +0430 2021
Tue Aug 10 18:03:16 +0430 2021
Tue Aug 10 18:04:17 +0430 2021
Tue Aug 10 18:05:19 +0430 2021
Tue Aug 10 18:06:21 +0430 2021
Tue Aug 10 18:07:22 +0430 2021
Tue Aug 10 18:08:24 +0430 2021
Tue Aug 10 18:09:26 +0430 2021
Tue Aug 10 18:10:27 +0430 2021
Tue Aug 10 18:11:29 +0430 2021
Tue Aug 10 18:12:30 +0430 2021
Tue Aug 10 18:13:32 +0430 2021
Tue Aug 10 18:14:34 +0430 2021
Tue Aug 10 18:15:35 +0430 2021
Tue Aug 10 18:16:37 +0430 2021
Tue Aug 10 18:17:39 +0430 2021
Tue Aug 10 18:18:41 +0430 2021
Tue Aug 10 18:19:42 +0430 2021
Tue Aug 10 18:20:44 +0430 2021
Tue Aug 10 18:21:46 +0430 2021
Tue Aug 10 18:22:47 +0430 2021
Tue Aug 10 18:23:48 +0430 2021
Tue Aug 10 18:24:49 +0430 2021
Tue Aug 10 18:25:50 +0430 2021
Tue Aug 10 18:26:52 +0430 2021
Tue Aug 10 18:27:53 +0430 2021
Tue Aug 10 18:28:55 +0430 2021
Tue Aug 10 18:29:56 +0430 2021
Tue Aug 10 18:30:58 +0430 2021
Tue Aug 10 18:31:59 +0430 2021
Tue Aug 10 18:33:01 +0430 2021
Tue Aug 10 18:35:05 +0430 2021
Tue Aug 10 18:36:07 +0430 2021
Tue Aug 10 18:37:11 +0430 2021
Tue Aug 10 18:43:39 +0430 2021
Tue Aug 10 18:44:39 +0430 2021
Tue Aug 10 18:45:39 +0430 2021
Tue Aug 10 18:46:39 +0430 2021
Tue Aug 10 18:47:39 +0430 2021
Tue Aug 10 18:48:42 +0430 2021
Tue Aug 10 18:49:45 +0430 2021
Tue Aug 10 18:50:46 +0430 2021
Tue Aug 10 18:51:48 +0430 2021
Tue Aug 10 18:52:49 +0430 2021
Tue Aug 10 18:53:56 +0430 2021
Tue Aug 10 18:54:58 +0430 2021
Tue Aug 10 18:55:59 +0430 2021
Tue Aug 10 18:57:01 +0430 2021
Tue Aug 10 18:58:03 +0430 2021
Tue Aug 10 18:59:04 +0430 2021
Tue Aug 10 19:00:05 +0430 2021
Tue Aug 10 19:01:06 +0430 2021
Tue Aug 10 19:02:07 +0430 2021
Tue Aug 10 19:03:08 +0430 2021
Tue Aug 10 19:04:11 +0430 2021
Tue Aug 10 19:05:12 +0430 2021
Tue Aug 10 19:06:15 +0430 2021
Tue Aug 10 19:07:16 +0430 2021
Tue Aug 10 19:08:18 +0430 2021
Tue Aug 10 19:09:19 +0430 2021
Tue Aug 10 19:10:21 +0430 2021
Tue Aug 10 19:11:22 +0430 2021
Tue Aug 10 19:12:24 +0430 2021
Tue Aug 10 19:13:25 +0430 2021
Tue Aug 10 19:14:28 +0430 2021
Tue Aug 10 19:15:30 +0430 2021
Tue Aug 10 19:16:32 +0430 2021
Tue Aug 10 19:17:33 +0430 2021
Tue Aug 10 19:18:38 +0430 2021
Tue Aug 10 19:19:41 +0430 2021
Tue Aug 10 19:20:43 +0430 2021
Tue Aug 10 19:21:44 +0430 2021
Tue Aug 10 19:22:45 +0430 2021
Tue Aug 10 19:23:47 +0430 2021
Tue Aug 10 19:24:48 +0430 2021
Tue Aug 10 19:25:49 +0430 2021
Tue Aug 10 19:26:51 +0430 2021
Tue Aug 10 19:27:52 +0430 2021
Tue Aug 10 19:28:53 +0430 2021
Tue Aug 10 19:29:55 +0430 2021
Tue Aug 10 19:30:58 +0430 2021
Tue Aug 10 19:31:59 +0430 2021
Tue Aug 10 19:33:00 +0430 2021
Tue Aug 10 19:34:02 +0430 2021
